<?xml version="1.0" encoding="UTF-8"?>
<robot generator="Robot 3.2.1 (Python 3.9.6 on win32)" generated="20210920 20:06:40.017" rpa="false">
<suite id="s1" name="TC01 search product Valid" source="E:\4 Trang\RobotPractice\testcases\TC01_search_product_Valid.robot">
<test id="s1-t1" name="TC01: Search Product and Verify Search Result">
<kw name="Open browser to page" library="common_keywords" type="setup">
<arguments>
<arg>${base_url}</arg>
</arguments>
<kw name="Evaluate" library="BuiltIn">
<doc>Evaluates the given expression in Python and returns the result.</doc>
<arguments>
<arg>sys.modules['selenium.webdriver'].ChromeOptions()</arg>
<arg>sys</arg>
</arguments>
<assign>
<var>${options}</var>
</assign>
<msg timestamp="20210920 20:06:40.767" level="INFO">${options} = &lt;selenium.webdriver.chrome.options.Options object at 0x000001E9B4DEAD60&gt;</msg>
<status status="PASS" starttime="20210920 20:06:40.767" endtime="20210920 20:06:40.767"></status>
</kw>
<kw name="Create Dictionary" library="BuiltIn">
<doc>Creates and returns a dictionary based on the given ``items``.</doc>
<arguments>
<arg>"fasp"=True</arg>
</arguments>
<assign>
<var>${exclude}</var>
</assign>
<msg timestamp="20210920 20:06:40.768" level="INFO">${exclude} = {'"fasp"': 'True'}</msg>
<status status="PASS" starttime="20210920 20:06:40.767" endtime="20210920 20:06:40.768"></status>
</kw>
<kw name="Create Dictionary" library="BuiltIn">
<doc>Creates and returns a dictionary based on the given ``items``.</doc>
<arguments>
<arg>protocol_handler.excluded_schemes=${exclude}</arg>
</arguments>
<assign>
<var>${prefs}</var>
</assign>
<msg timestamp="20210920 20:06:40.768" level="INFO">${prefs} = {'protocol_handler.excluded_schemes': {'"fasp"': 'True'}}</msg>
<status status="PASS" starttime="20210920 20:06:40.768" endtime="20210920 20:06:40.768"></status>
</kw>
<kw name="Call Method" library="BuiltIn">
<doc>Calls the named method of the given object with the provided arguments.</doc>
<arguments>
<arg>${options}</arg>
<arg>add_argument</arg>
<arg>--disable-infobars</arg>
</arguments>
<status status="PASS" starttime="20210920 20:06:40.768" endtime="20210920 20:06:40.768"></status>
</kw>
<kw name="Call Method" library="BuiltIn">
<doc>Calls the named method of the given object with the provided arguments.</doc>
<arguments>
<arg>${options}</arg>
<arg>add_experimental_option</arg>
<arg>prefs</arg>
<arg>${prefs}</arg>
</arguments>
<status status="PASS" starttime="20210920 20:06:40.768" endtime="20210920 20:06:40.769"></status>
</kw>
<kw name="Create Webdriver" library="SeleniumLibrary">
<doc>Creates an instance of Selenium WebDriver.</doc>
<arguments>
<arg>Chrome</arg>
<arg>chrome_options=${options}</arg>
</arguments>
<msg timestamp="20210920 20:06:40.769" level="INFO">Creating an instance of the Chrome WebDriver.</msg>
<status status="PASS" starttime="20210920 20:06:40.769" endtime="20210920 20:06:41.816"></status>
</kw>
<kw name="Maximize Browser Window" library="SeleniumLibrary">
<doc>Maximizes current browser window.</doc>
<status status="PASS" starttime="20210920 20:06:41.816" endtime="20210920 20:06:41.933"></status>
</kw>
<kw name="Set Selenium Speed" library="SeleniumLibrary">
<doc>Sets the delay that is waited after each Selenium command.</doc>
<arguments>
<arg>${speed}</arg>
</arguments>
<status status="PASS" starttime="20210920 20:06:41.933" endtime="20210920 20:06:41.934"></status>
</kw>
<kw name="Go To" library="SeleniumLibrary">
<doc>Navigates the current browser window to the provided ``url``.</doc>
<arguments>
<arg>${url}</arg>
</arguments>
<msg timestamp="20210920 20:06:41.934" level="INFO">Opening url 'https://www.jd.co.th/'</msg>
<status status="PASS" starttime="20210920 20:06:41.934" endtime="20210920 20:06:44.125"></status>
</kw>
<status status="PASS" starttime="20210920 20:06:40.766" endtime="20210920 20:06:44.125"></status>
</kw>
<kw name="TC01: Search Product and Verify Search Result">
<arguments>
<arg>chair</arg>
<arg>chairs office</arg>
<arg>chairs+office</arg>
</arguments>
<kw name="Search Product in Home Page" library="home_page">
<arguments>
<arg>${search_text}</arg>
</arguments>
<kw name="Close Ad in Home Page" library="home_page">
<kw name="Click Element" library="common_keywords">
<arguments>
<arg>${dictHomePage.adCloseButton}</arg>
</arguments>
<kw name="Wait Until Element Is Visible" library="SeleniumLibrary">
<doc>Waits until the element ``locator`` is visible.</doc>
<arguments>
<arg>${locator}</arg>
<arg>timeout=${timeout}</arg>
</arguments>
<status status="PASS" starttime="20210920 20:06:44.130" endtime="20210920 20:06:44.370"></status>
</kw>
<kw name="Click Element" library="SeleniumLibrary">
<doc>Click the element identified by ``locator``.</doc>
<arguments>
<arg>${locator}</arg>
</arguments>
<msg timestamp="20210920 20:06:44.371" level="INFO">Clicking element 'xpath=//i[@id="closeBtn"]'.</msg>
<status status="PASS" starttime="20210920 20:06:44.370" endtime="20210920 20:06:44.633"></status>
</kw>
<status status="PASS" starttime="20210920 20:06:44.128" endtime="20210920 20:06:44.633"></status>
</kw>
<status status="PASS" starttime="20210920 20:06:44.128" endtime="20210920 20:06:44.633"></status>
</kw>
<kw name="Verify Home Page is loaded" library="home_page">
<kw name="Verify Web Element Is Visible" library="common_keywords">
<arguments>
<arg>${dictHomePage.headerLogo}</arg>
</arguments>
<kw name="Wait Until Page Contains Element" library="SeleniumLibrary">
<doc>Waits until the element ``locator`` appears on the current page.</doc>
<arguments>
<arg>${locator}</arg>
<arg>timeout=${GLOBALTIMEOUT}</arg>
</arguments>
<status status="PASS" starttime="20210920 20:06:44.634" endtime="20210920 20:06:44.747"></status>
</kw>
<kw name="Wait Until Element Is Visible" library="SeleniumLibrary">
<doc>Waits until the element ``locator`` is visible.</doc>
<arguments>
<arg>${locator}</arg>
<arg>timeout=${GLOBALTIMEOUT}</arg>
</arguments>
<status status="PASS" starttime="20210920 20:06:44.747" endtime="20210920 20:06:44.983"></status>
</kw>
<status status="PASS" starttime="20210920 20:06:44.634" endtime="20210920 20:06:44.983"></status>
</kw>
<status status="PASS" starttime="20210920 20:06:44.633" endtime="20210920 20:06:44.983"></status>
</kw>
<kw name="Input Search Text" library="home_page">
<arguments>
<arg>${search_text}</arg>
</arguments>
<kw name="Input data and verify text for web element" library="common_keywords">
<arguments>
<arg>${dictHomePage.searchField}</arg>
<arg>${search_text}</arg>
</arguments>
<kw name="Input Text" library="SeleniumLibrary">
<doc>Types the given ``text`` into the text field identified by ``locator``.</doc>
<arguments>
<arg>${locator}</arg>
<arg>${expect_text}</arg>
</arguments>
<msg timestamp="20210920 20:06:44.986" level="INFO">Typing text 'chair' into text field 'xpath=//input[@type="text"]'.</msg>
<status status="PASS" starttime="20210920 20:06:44.986" endtime="20210920 20:06:45.413"></status>
</kw>
<kw name="Get Value" library="SeleniumLibrary">
<doc>Returns the value attribute of the element identified by ``locator``.</doc>
<arguments>
<arg>${locator}</arg>
</arguments>
<assign>
<var>${real_text}</var>
</assign>
<msg timestamp="20210920 20:06:45.634" level="INFO">${real_text} = chair</msg>
<status status="PASS" starttime="20210920 20:06:45.413" endtime="20210920 20:06:45.634"></status>
</kw>
<kw name="Should Be Equal" library="BuiltIn">
<doc>Fails if the given objects are unequal.</doc>
<arguments>
<arg>'${real_text}'</arg>
<arg>'${expect_text}'</arg>
</arguments>
<status status="PASS" starttime="20210920 20:06:45.634" endtime="20210920 20:06:45.635"></status>
</kw>
<status status="PASS" starttime="20210920 20:06:44.985" endtime="20210920 20:06:45.635"></status>
</kw>
<status status="PASS" starttime="20210920 20:06:44.984" endtime="20210920 20:06:45.636"></status>
</kw>
<status status="PASS" starttime="20210920 20:06:44.127" endtime="20210920 20:06:45.636"></status>
</kw>
<kw name="Verify Suggestion is Visible" library="home_page">
<arguments>
<arg>${expected_suggestion}</arg>
</arguments>
<kw name="Format String" library="String">
<doc>Formats a ``template`` using the given ``positional`` and ``named`` arguments.</doc>
<arguments>
<arg>${dictHomePage.suggestion}</arg>
<arg>suggestion=${expected_suggestion}</arg>
</arguments>
<assign>
<var>${neutral_1}</var>
</assign>
<msg timestamp="20210920 20:06:45.638" level="INFO">${neutral_1} = xpath=//a[@title="chairs office"]</msg>
<status status="PASS" starttime="20210920 20:06:45.637" endtime="20210920 20:06:45.638"></status>
</kw>
<kw name="Verify Web Element Is Visible" library="common_keywords">
<arguments>
<arg>${neutral_1}</arg>
</arguments>
<kw name="Wait Until Page Contains Element" library="SeleniumLibrary">
<doc>Waits until the element ``locator`` appears on the current page.</doc>
<arguments>
<arg>${locator}</arg>
<arg>timeout=${GLOBALTIMEOUT}</arg>
</arguments>
<status status="PASS" starttime="20210920 20:06:45.639" endtime="20210920 20:06:45.774"></status>
</kw>
<kw name="Wait Until Element Is Visible" library="SeleniumLibrary">
<doc>Waits until the element ``locator`` is visible.</doc>
<arguments>
<arg>${locator}</arg>
<arg>timeout=${GLOBALTIMEOUT}</arg>
</arguments>
<status status="PASS" starttime="20210920 20:06:45.774" endtime="20210920 20:06:46.003"></status>
</kw>
<status status="PASS" starttime="20210920 20:06:45.639" endtime="20210920 20:06:46.003"></status>
</kw>
<status status="PASS" starttime="20210920 20:06:45.636" endtime="20210920 20:06:46.003"></status>
</kw>
<kw name="Click Suggestion" library="home_page">
<arguments>
<arg>${expected_suggestion}</arg>
</arguments>
<kw name="Format String" library="String">
<doc>Formats a ``template`` using the given ``positional`` and ``named`` arguments.</doc>
<arguments>
<arg>${dictHomePage.suggestion}</arg>
<arg>suggestion=${expected_suggestion}</arg>
</arguments>
<assign>
<var>${neutral_2}</var>
</assign>
<msg timestamp="20210920 20:06:46.006" level="INFO">${neutral_2} = xpath=//a[@title="chairs office"]</msg>
<status status="PASS" starttime="20210920 20:06:46.005" endtime="20210920 20:06:46.006"></status>
</kw>
<kw name="Click Element" library="common_keywords">
<arguments>
<arg>${neutral_2}</arg>
</arguments>
<kw name="Wait Until Element Is Visible" library="SeleniumLibrary">
<doc>Waits until the element ``locator`` is visible.</doc>
<arguments>
<arg>${locator}</arg>
<arg>timeout=${timeout}</arg>
</arguments>
<status status="PASS" starttime="20210920 20:06:46.007" endtime="20210920 20:06:46.238"></status>
</kw>
<kw name="Click Element" library="SeleniumLibrary">
<doc>Click the element identified by ``locator``.</doc>
<arguments>
<arg>${locator}</arg>
</arguments>
<msg timestamp="20210920 20:06:46.239" level="INFO">Clicking element 'xpath=//a[@title="chairs office"]'.</msg>
<status status="PASS" starttime="20210920 20:06:46.238" endtime="20210920 20:06:46.540"></status>
</kw>
<status status="PASS" starttime="20210920 20:06:46.006" endtime="20210920 20:06:46.540"></status>
</kw>
<status status="PASS" starttime="20210920 20:06:46.004" endtime="20210920 20:06:46.540"></status>
</kw>
<kw name="Switch Window" library="SeleniumLibrary">
<doc>Switches to browser window matching ``locator``.</doc>
<arguments>
<arg>NEW</arg>
</arguments>
<status status="PASS" starttime="20210920 20:06:46.540" endtime="20210920 20:06:46.946"></status>
</kw>
<kw name="Verify Search Result page" library="search_result_page">
<kw name="Verify Web Element Is Visible" library="common_keywords">
<arguments>
<arg>${dictSearchResultPage.searchKey}</arg>
</arguments>
<kw name="Wait Until Page Contains Element" library="SeleniumLibrary">
<doc>Waits until the element ``locator`` appears on the current page.</doc>
<arguments>
<arg>${locator}</arg>
<arg>timeout=${GLOBALTIMEOUT}</arg>
</arguments>
<status status="PASS" starttime="20210920 20:06:46.947" endtime="20210920 20:06:47.739"></status>
</kw>
<kw name="Wait Until Element Is Visible" library="SeleniumLibrary">
<doc>Waits until the element ``locator`` is visible.</doc>
<arguments>
<arg>${locator}</arg>
<arg>timeout=${GLOBALTIMEOUT}</arg>
</arguments>
<status status="PASS" starttime="20210920 20:06:47.739" endtime="20210920 20:06:47.959"></status>
</kw>
<status status="PASS" starttime="20210920 20:06:46.946" endtime="20210920 20:06:47.959"></status>
</kw>
<status status="PASS" starttime="20210920 20:06:46.946" endtime="20210920 20:06:47.959"></status>
</kw>
<kw name="Call API get result List" library="search_result_api">
<arguments>
<arg>${search_string}</arg>
</arguments>
<assign>
<var>@{result_list}</var>
</assign>
<kw name="Get Cookie" library="SeleniumLibrary">
<doc>Returns information of cookie with ``name`` as an object.</doc>
<arguments>
<arg>cartUuid</arg>
</arguments>
<assign>
<var>${cartuuid}</var>
</assign>
<msg timestamp="20210920 20:06:48.064" level="INFO">${cartuuid} = name=cartUuid
value=e238443d-0e7b-4ab0-b6ea-d73a455b19b1
path=/
domain=.jd.co.th
secure=False
httpOnly=False
expiry=2021-09-21 20:06:42</msg>
<status status="PASS" starttime="20210920 20:06:47.960" endtime="20210920 20:06:48.064"></status>
</kw>
<kw name="Get Cookie" library="SeleniumLibrary">
<doc>Returns information of cookie with ``name`` as an object.</doc>
<arguments>
<arg>__jdv</arg>
</arguments>
<assign>
<var>${jdv}</var>
</assign>
<msg timestamp="20210920 20:06:48.170" level="INFO">${jdv} = name=__jdv
value=142230324|direct|-|none|-|1632143203041
path=/
domain=.jd.co.th
secure=False
httpOnly=False
expiry=2021-10-05 20:06:43</msg>
<status status="PASS" starttime="20210920 20:06:48.064" endtime="20210920 20:06:48.170"></status>
</kw>
<kw name="Get Cookie" library="SeleniumLibrary">
<doc>Returns information of cookie with ``name`` as an object.</doc>
<arguments>
<arg>__jdc</arg>
</arguments>
<assign>
<var>${jdc}</var>
</assign>
<msg timestamp="20210920 20:06:48.275" level="INFO">${jdc} = name=__jdc
value=142230324
path=/
domain=.jd.co.th
secure=False
httpOnly=False
expiry=None</msg>
<status status="PASS" starttime="20210920 20:06:48.170" endtime="20210920 20:06:48.275"></status>
</kw>
<kw name="Get Cookie" library="SeleniumLibrary">
<doc>Returns information of cookie with ``name`` as an object.</doc>
<arguments>
<arg>__jda</arg>
</arguments>
<assign>
<var>${jda}</var>
</assign>
<msg timestamp="20210920 20:06:48.378" level="INFO">${jda} = name=__jda
value=142230324.16321432030401753159638.1632143203.1632143203.1632143203.1
path=/
domain=.jd.co.th
secure=False
httpOnly=False
expiry=2022-03-19 20:06:46</msg>
<status status="PASS" starttime="20210920 20:06:48.275" endtime="20210920 20:06:48.378"></status>
</kw>
<kw name="Get Cookie" library="SeleniumLibrary">
<doc>Returns information of cookie with ``name`` as an object.</doc>
<arguments>
<arg>__jdb</arg>
</arguments>
<assign>
<var>${jdb}</var>
</assign>
<msg timestamp="20210920 20:06:48.481" level="INFO">${jdb} = name=__jdb
value=142230324.3.16321432030401753159638|1.1632143203
path=/
domain=.jd.co.th
secure=False
httpOnly=False
expiry=2021-09-20 20:36:46</msg>
<status status="PASS" starttime="20210920 20:06:48.378" endtime="20210920 20:06:48.481"></status>
</kw>
<kw name="Get Cookie" library="SeleniumLibrary">
<doc>Returns information of cookie with ``name`` as an object.</doc>
<arguments>
<arg>language</arg>
</arguments>
<assign>
<var>${lan}</var>
</assign>
<msg timestamp="20210920 20:06:48.585" level="INFO">${lan} = name=language
value=th_TH
path=/
domain=.jd.co.th
secure=False
httpOnly=False
expiry=2021-10-20 20:06:45</msg>
<status status="PASS" starttime="20210920 20:06:48.481" endtime="20210920 20:06:48.585"></status>
</kw>
<kw name="Create Dictionary" library="BuiltIn">
<doc>Creates and returns a dictionary based on the given ``items``.</doc>
<arguments>
<arg>accept=application/json, text/plain, */*</arg>
<arg>accept-encoding=gzip, deflate, br</arg>
<arg>accept-language=en,en-US;q=0.9,en-GB;q=0.8,de;q=0.7</arg>
<arg>cookie=cartUuid=${cartuuid.value}; __jdv=${jdv.value}; __jdc=${jdc.value}; __jda=${jda.value}; __jdb=${jdb.value}; language=${lan.value}</arg>
</arguments>
<assign>
<var>&amp;{header}</var>
</assign>
<msg timestamp="20210920 20:06:48.587" level="INFO">&amp;{header} = { accept=application/json, text/plain, */* | accept-encoding=gzip, deflate, br | accept-language=en,en-US;q=0.9,en-GB;q=0.8,de;q=0.7 | cookie=cartUuid=e238443d-0e7b-4ab0-b6ea-d73a455b19b1; __jdv=14223...</msg>
<status status="PASS" starttime="20210920 20:06:48.585" endtime="20210920 20:06:48.587"></status>
</kw>
<kw name="Set Variable" library="BuiltIn">
<doc>Returns the given values which can then be assigned to a variables.</doc>
<arguments>
<arg>https://api.jd.co.th/client.action?body=%7B%22page%22%3A%221%22%2C%22pagesize%22%3A%2260%22%2C%22cid%22%3A%22%22%2C%22filed%22%3A%22%22%2C%22expandName%22%3A%7B%7D%2C%22brand%22%3A%22%22%2C%22isCorrect%22%3A%221%22%2C%22sort%22%3A%220%22%2C%22stock%22%3A1%2C%22keyword%22%3A%22${search_string}%22%7D&amp;functionId=search&amp;client=pc&amp;clientVersion=2.0.0&amp;lang=th_TH&amp;area=&amp;jsonp=_jsonphb504c8pk99</arg>
</arguments>
<assign>
<var>${end_point}</var>
</assign>
<msg timestamp="20210920 20:06:48.588" level="INFO">${end_point} = https://api.jd.co.th/client.action?body=%7B%22page%22%3A%221%22%2C%22pagesize%22%3A%2260%22%2C%22cid%22%3A%22%22%2C%22filed%22%3A%22%22%2C%22expandName%22%3A%7B%7D%2C%22brand%22%3A%22%22%2C%22isCorrec...</msg>
<status status="PASS" starttime="20210920 20:06:48.588" endtime="20210920 20:06:48.588"></status>
</kw>
<kw name="GET" library="RequestsLibrary">
<doc>Sends a GET request.</doc>
<arguments>
<arg>url=${end_point}</arg>
<arg>headers=${header}</arg>
</arguments>
<assign>
<var>${response}</var>
</assign>
<msg timestamp="20210920 20:06:48.976" level="INFO">GET Request : url=https://api.jd.co.th/client.action?body=%7B%22page%22%3A%221%22%2C%22pagesize%22%3A%2260%22%2C%22cid%22%3A%22%22%2C%22filed%22%3A%22%22%2C%22expandName%22%3A%7B%7D%2C%22brand%22%3A%22%22%2C%22isCorrect%22%3A%221%22%2C%22sort%22%3A%220%22%2C%22stock%22%3A1%2C%22keyword%22%3A%22chairs+office%22%7D&amp;functionId=search&amp;client=pc&amp;clientVersion=2.0.0&amp;lang=th_TH&amp;area=&amp;jsonp=_jsonphb504c8pk99 
 path_url=/client.action?body=%7B%22page%22%3A%221%22%2C%22pagesize%22%3A%2260%22%2C%22cid%22%3A%22%22%2C%22filed%22%3A%22%22%2C%22expandName%22%3A%7B%7D%2C%22brand%22%3A%22%22%2C%22isCorrect%22%3A%221%22%2C%22sort%22%3A%220%22%2C%22stock%22%3A1%2C%22keyword%22%3A%22chairs+office%22%7D&amp;functionId=search&amp;client=pc&amp;clientVersion=2.0.0&amp;lang=th_TH&amp;area=&amp;jsonp=_jsonphb504c8pk99 
 headers={'User-Agent': 'python-requests/2.26.0', 'accept-encoding': 'gzip, deflate, br', 'accept': 'application/json, text/plain, */*', 'Connection': 'keep-alive', 'accept-language': 'en,en-US;q=0.9,en-GB;q=0.8,de;q=0.7', 'cookie': 'cartUuid=e238443d-0e7b-4ab0-b6ea-d73a455b19b1; __jdv=142230324|direct|-|none|-|1632143203041; __jdc=142230324; __jda=142230324.16321432030401753159638.1632143203.1632143203.1632143203.1; __jdb=142230324.3.16321432030401753159638|1.1632143203; language=th_TH'} 
 body=None 
 </msg>
<msg timestamp="20210920 20:06:48.977" level="INFO">GET Response : url=https://api.jd.co.th/client.action?body=%7B%22page%22%3A%221%22%2C%22pagesize%22%3A%2260%22%2C%22cid%22%3A%22%22%2C%22filed%22%3A%22%22%2C%22expandName%22%3A%7B%7D%2C%22brand%22%3A%22%22%2C%22isCorrect%22%3A%221%22%2C%22sort%22%3A%220%22%2C%22stock%22%3A1%2C%22keyword%22%3A%22chairs+office%22%7D&amp;functionId=search&amp;client=pc&amp;clientVersion=2.0.0&amp;lang=th_TH&amp;area=&amp;jsonp=_jsonphb504c8pk99 
 status=200, reason= 
 headers={'Date': 'Mon, 20 Sep 2021 13:06:49 GMT', 'Content-Type': 'application/json;charset=utf-8', 'Transfer-Encoding': 'chunked', 'Connection': 'keep-alive', 'X-API-Request-Id': '179794901-10248-1632143209141', 'vary': 'accept-encoding', 'Content-Encoding': 'gzip', 'Server': 'jfe', 'Strict-Transport-Security': 'max-age=86400'} 
 body=_jsonphb504c8pk99({"HcCid3":"1368","abTest":{"categoryFilterLevel":"cid2"},"code":"0","hasNextPage":true,"quickConfiguredFilters":[{"showName":"ชำระเงินปลายทาง","bodyValue":"1","bodyKey":"cod","sort":"1"},{"showName":"0% การผ่อนชำระ","bodyValue":"1","bodyKey":"installment","sort":"2"},{"showName":"ดำเนินการโดย JD CENTRAL","bodyValue":"1","bodyKey":"self","sort":"3"}],"wareInfo":[{"spuId":"7752078","cid1":"1201","cid2":"1365","catid":"1368","fr_cid1":"1002838","fr_cid2":"1003452","fr_catid":"1003481","wareId":"12711378","wname":"U-RO DECOR รุ่น HIRO (ฮิโร่) เก้าอี้สำนักงาน พนักพิงหลังสูงผ้าผ้าตาข่าย รองรับสรีระ ล้อเลื่อน ปรับระดับได้ หมุน 360องศา [มี 3 สี]","imageurl":"https://img.jd.co.th/n1/jfs/t7/5/4144570932/81994/a94ee97d/5f992b67N60663c5a.jpg!q50.jpg.dpg","jdPrice":"1490","originPrice":"3490","downPercent":"-57%*","downPercentIntVal":57,"totalCount":131,"good":"88%","reviews":"131 รีวิว","color":"ดำ","venderId":"12059","shopName":"U-RODECOR Official Store","showlog":"12711378,1125899911037056,3458764513825290234,73,1490.000000,1,,1","flags":"4194432","longImgUrl":"https://img.jd.co.th/n8/jfs/t7/5/4144570932/81994/a94ee97d/5f992b67N60663c5a.jpg!cc_624x800!q50.jpg.dpg","preSale":false,"slaveWare":[{"wareId":"7752078","color":"สีน้ำเงิน","imageUrl":"jfs/t13/240/3308599109/235380/dd0afef1/5f0e5da3N9337c851.jpg"},{"wareId":"7752095","color":"สีเขียว","imageUrl":"jfs/t22/87/1506404157/206583/4ee3c580/5f0d7faaN1b99a790.jpg"}],"videoclips":"0","venderType":"0","starLevel":4.5,"downPercentStyle":1,"beltMarkInfo":{"markBigImage":"","markSmallImage":"","beltBigImage":"","beltSmallImage":""},"jdexpress":"0","localDelivery":"ประเทศไทย","addCart":true,"newWare":false,"hotRanking":true,"newUser":false},{"spuId":"295799","cid1":"1201","cid2":"1365","catid":"1368","fr_cid1":"1002838","fr_cid2":"1003452","fr_catid":"1003481","wareId":"295799","wname":"U-RO DECOR รุ่น MOON (มูน) เก้าอี้สำนักงาน  000001487","imageurl":"https://img.jd.co.th/n1/jfs/t25/207/879833870/99292/adbd14ca/5d7624a0Nafca1c63.jpg!q50.jpg.dpg","jdPrice":"3290","totalCount":12,"good":"92%","reviews":"12 รีวิว","color":"สีดำ","venderId":"12059","shopName":"U-RODECOR Official Store","showlog":"295799,1125899911037056,3458764513825290233,80,3290.000000,1,,1","flags":"4194432","longImgUrl":"https://img.jd.co.th/n8/jfs/t25/207/879833870/99292/adbd14ca/5d7624a0Nafca1c63.jpg!cc_624x800!q50.jpg.dpg","preSale":false,"videoclips":"0","venderType":"0","starLevel":4.5,"beltMarkInfo":{"markBigImage":"","markSmallImage":"","beltBigImage":"","beltSmallImage":""},"jdexpress":"0","localDelivery":"ประเทศไทย","addCart":true,"newWare":false,"hotRanking":false,"newUser":false},{"spuId":"5493569","cid1":"1201","cid2":"1365","catid":"1368","fr_cid1":"1002838","fr_cid2":"1003452","fr_catid":"1003481","wareId":"5493569","wname":"INDEX LIVING MALL เก้าอี้สำนักงาน รุ่น ท็อปเปอร์ - สีดำ","imageurl":"https://img.jd.co.th/n1/jfs/t34/267/2073378872/329325/eabb0583/5e7c9531N6ec3116c.jpg!q50.jpg.dpg","jdPrice":"1390","originPrice":"3190","downPercent":"-56%*","downPercentIntVal":56,"totalCount":3,"good":"100%","reviews":"3 รีวิว","color":"ดำ","venderId":"1003429","shopName":"Index Living Mall Official Store","showlog":"5493569,1125899911037056,3458764513825290232,78,1390.000000,1,,1","flags":"4194432","longImgUrl":"https://img.jd.co.th/n8/jfs/t34/267/2073378872/329325/eabb0583/5e7c9531N6ec3116c.jpg!cc_624x800!q50.jpg.dpg","preSale":false,"tagConfig":{"priceBottom":[{"tagId":"couponReduced","tagType":3,"listModelTag":"ช้อป ฿4500 ลด ฿300","priority":2,"bgImg":"//img.jd.co.th/mobilecmsth/jfs/t13/3/213247889/712/cbd87c7/5bd2bbedNe95209b2.png","simpleInfoTag":"฿300 off"}]},"videoclips":"0","venderType":"0","starLevel":5.0,"couponIds":["12424237","12327969","12327973"],"downPercentStyle":1,"beltMarkInfo":{"markBigImage":"","markSmallImage":"","beltBigImage":"","beltSmallImage":""},"jdexpress":"0","localDelivery":"ประเทศไทย","addCart":true,"lowestPriceShowVO":{"lowestPriceStr":"ลดสูงสุดในรอบ 1 ปี","lowestTimeStr":"408  days"},"newWare":false,"hotRanking":false,"newUser":false},{"spuId":"9480283","cid1":"1201","cid2":"1365","catid":"1368","fr_cid1":"1002838","fr_cid2":"1003452","fr_catid":"1003481","wareId":"9480283","wname":"เก้าอี้ออฟฟิศ เก้าอี้นั่งทำงาน เก้าอี้ผู้บริหาร เก้าอี้นวด Massage Chair เก้าอี้คอมพิวเตอร์ เก้าอี้สำนักงาน Office ดำ","imageurl":"https://img.jd.co.th/n1/jfs/t34/328/3440468725/282620/b174a7a9/5f5749a3N3ce90b3a.jpg!q50.jpg.dpg","jdPrice":"2499","originPrice":"2879","downPercent":"-13%*","downPercentIntVal":13,"totalCount":24,"good":"100%","reviews":"24 รีวิว","color":"ดำ","venderId":"1004404","shopName":"OUSHUMEI Global Store","showlog":"9480283,1125899911037056,3458764513825290231,73,2499.000000,1,,1","flags":"4194432","longImgUrl":"https://img.jd.co.th/n8/jfs/t34/328/3440468725/282620/b174a7a9/5f5749a3N3ce90b3a.jpg!cc_624x800!q50.jpg.dpg","preSale":false,"tagConfig":{"priceBottom":[{"tagId":"couponReduced","tagType":3,"listModelTag":"ช้อป ฿100 ลด ฿50","priority":2,"bgImg":"//img.jd.co.th/mobilecmsth/jfs/t13/3/213247889/712/cbd87c7/5bd2bbedNe95209b2.png","simpleInfoTag":"฿50 off"}]},"videoclips":"0","venderType":"0","starLevel":4.9,"couponIds":["12342029","12330165","12342025"],"downPercentStyle":0,"beltMarkInfo":{"markBigImage":"","markSmallImage":"","beltBigImage":"","beltSmallImage":""},"jdexpress":"0","localDelivery":"ประเทศไทย","addCart":true,"newWare":false,"hotRanking":false,"newUser":false},{"spuId":"2685337","cid1":"1201","cid2":"1365","catid":"1368","fr_cid1":"1002838","fr_cid2":"1003452","fr_catid":"1003481","wareId":"2685338","wname":"DFprochair l เก้าอี้เพื่อสุขภาพ รุ่น Ergo2","imageurl":"https://img.jd.co.th/n1/jfs/t61/355/947160923/1423232/875850f6/613b0204N1197b9ff.png!q50.jpg.dpg","jdPrice":"19900","originPrice":"29800","downPercent":"-33%*","downPercentIntVal":33,"totalCount":1,"good":"100%","reviews":"1 รีวิว","color":"สีแดง","venderId":"14161","shopName":"เก้าอี้เพื่อสุขภาพ l DFprochair","showlog":"2685338,1125899911037056,3458764513825290230,50,19900.000000,1,,1","flags":"4194432","longImgUrl":"https://img.jd.co.th/n8/jfs/t61/355/947160923/1423232/875850f6/613b0204N1197b9ff.png!cc_624x800!q50.jpg.dpg","preSale":false,"slaveWare":[{"wareId":"2685339","color":"สีเขียว","imageUrl":"jfs/t4/194/9747815059/1685335/647092a5/613b0208Nd2d1a315.png"},{"wareId":"2685337","color":"สีขาว","imageUrl":"jfs/t25/189/9710028060/1331279/b17d3e24/613b01f1Nacb63372.png"},{"wareId":"2685341","color":"Gold","imageUrl":"jfs/t4/64/9704570120/3127905/3a03e777/613b0218N542657f4.png"},{"wareId":"54226247","color":"Blue","imageUrl":"jfs/t19/214/9694358367/1452500/b488ab55/613b020fNdcba9cbf.png"},{"wareId":"54226254","color":"Black","imageUrl":"jfs/t37/149/936124906/1305043/6dc19de8/613b0213Nf7e37dff.png"}],"videoclips":"0","venderType":"0","starLevel":5.0,"downPercentStyle":0,"beltMarkInfo":{"markBigImage":"","markSmallImage":"","beltBigImage":"","beltSmallImage":""},"jdexpress":"0","localDelivery":"ประเทศไทย","addCart":true,"highlightState":"1","lowestPriceShowVO":{"lowestPriceStr":"ลดสูงสุดในรอบ 48 วัน","lowestTimeStr":"48 days"},"newWare":false,"hotRanking":false,"newUser":false},{"spuId":"26857401","cid1":"1201","cid2":"1365","catid":"1368","fr_cid1":"1002838","fr_cid2":"1003452","fr_catid":"1003481","wareId":"26857401","wname":"Konig  เก้าอี้สำนักงาน เก้าอี้นวดทำจากหนัง เก้าอี้ผู้บริหาร นั่งสบายมาก หรูหรา แข็งแรง Furniture Office chair","imageurl":"https://img.jd.co.th/n1/jfs/t55/231/742854968/312343/f53aa2cb/611f5c57Ne2ccf365.jpg!q50.jpg.dpg","jdPrice":"2749","originPrice":"3984","downPercent":"-31%*","downPercentIntVal":31,"totalCount":4,"good":"75%","reviews":"4 รีวิว","color":"YG85-black","venderId":"22721","shopName":"KONIG Official Store","showlog":"26857401,1125899911037056,3458764513823596560,77,2749.000000,1,,1","flags":"4194432","longImgUrl":"https://img.jd.co.th/n8/jfs/t55/231/742854968/312343/f53aa2cb/611f5c57Ne2ccf365.jpg!cc_624x800!q50.jpg.dpg","preSale":false,"slaveWare":[{"wareId":"26857408","color":"YG85","imageUrl":"jfs/t16/211/7374693551/359415/e66e11cf/6094fe01N7e15f9fb.jpg"}],"tagConfig":{"priceBottom":[{"tagId":"couponReduced","tagType":3,"listModelTag":"ช้อป ฿299 ลด ฿30","priority":2,"bgImg":"//img.jd.co.th/mobilecmsth/jfs/t13/3/213247889/712/cbd87c7/5bd2bbedNe95209b2.png","simpleInfoTag":"฿30 off"}],"mainImgCover":[{"tagId":"video","tagType":2,"listModelTag":"//img.jd.co.th/mobilecmsth/jfs/t7/292/280913420/2453/b786ae73/5be23f50N5849a75d.png","priority":2}]},"videoclips":"1","venderType":"0","starLevel":4.5,"couponIds":["12449745","12450009","12421785","12421769"],"downPercentStyle":0,"beltMarkInfo":{"markBigImage":"https://img.jd.co.th/pccms/jfs/t55/64/889004724/6221/8c85acb1/613627ceNd6472862.png","markSmallImage":"https://img.jd.co.th/pccms/jfs/t1/102/9057034464/9250/659b9db8/613627daN9aec1095.png","beltBigImage":"","beltSmallImage":""},"jdexpress":"0","localDelivery":"ประเทศไทย","addCart":true,"newWare":false,"hotRanking":false,"newUser":false},{"spuId":"5493595","cid1":"1201","cid2":"1365","catid":"1368","fr_cid1":"1002838","fr_cid2":"1003452","fr_catid":"1003481","wareId":"5493595","wname":"INDEX LIVING MALL เก้าอี้สำนักงาน รุ่น สเปซแมน/L พนักพิงสูง - สีดำ","imageurl":"https://img.jd.co.th/n1/jfs/t31/1/2067191062/25196/bb362c67/5e7c9537N7101efc4.jpg!q50.jpg.dpg","jdPrice":"1890","originPrice":"3990","downPercent":"-53%*","downPercentIntVal":53,"totalCount":14,"good":"100%","reviews":"14 รีวิว","color":"BLACK","venderId":"1003429","shopName":"Index Living Mall Official Store","showlog":"5493595,1125899911037056,3458764513823587008,76,1890.000000,1,,1","flags":"4194432","longImgUrl":"https://img.jd.co.th/n8/jfs/t31/1/2067191062/25196/bb362c67/5e7c9537N7101efc4.jpg!cc_624x800!q50.jpg.dpg","preSale":false,"tagConfig":{"priceBottom":[{"tagId":"couponReduced","tagType":3,"listModelTag":"ช้อป ฿4500 ลด ฿300","priority":2,"bgImg":"//img.jd.co.th/mobilecmsth/jfs/t13/3/213247889/712/cbd87c7/5bd2bbedNe95209b2.png","simpleInfoTag":"฿300 off"}]},"videoclips":... (set the log level to DEBUG or TRACE to see the full content) 
 </msg>
<msg timestamp="20210920 20:06:48.977" level="INFO">${response} = &lt;Response [200]&gt;</msg>
<status status="PASS" starttime="20210920 20:06:48.588" endtime="20210920 20:06:48.977"></status>
</kw>
<kw name="Get Regexp Matches" library="String">
<doc>Returns a list of all non-overlapping matches in the given string.</doc>
<arguments>
<arg>${response.text}</arg>
<arg>"spuId":"(.*?)",</arg>
<arg>1</arg>
</arguments>
<assign>
<var>${list}</var>
</assign>
<msg timestamp="20210920 20:06:48.978" level="INFO">${list} = ['7752078', '295799', '5493569', '9480283', '2685337', '26857401', '5493595', '24828988', '295804', '18995560', '13065441', '3741774', '15073795', '9477005', '295222', '12512676', '2925791', '44734291...</msg>
<status status="PASS" starttime="20210920 20:06:48.977" endtime="20210920 20:06:48.978"></status>
</kw>
<msg timestamp="20210920 20:06:48.978" level="INFO">@{result_list} = [ 7752078 | 295799 | 5493569 | 9480283 | 2685337 | 26857401 | 5493595 | 24828988 | 295804 | 18995560 | 13065441 | 3741774 | 15073795 | 9477005 | 295222 | 12512676 | 2925791 | 44734291 | 5493575 | 7094...</msg>
<status status="PASS" starttime="20210920 20:06:47.959" endtime="20210920 20:06:48.978"></status>
</kw>
<kw name="${item} IN [ @{result_list} ]" type="for">
<kw name="${item} = 7752078" type="foritem">
<kw name="Verify Search Result Visible" library="search_result_page">
<arguments>
<arg>${item}</arg>
</arguments>
<kw name="Format String" library="String">
<doc>Formats a ``template`` using the given ``positional`` and ``named`` arguments.</doc>
<arguments>
<arg>${dictSearchResultPage.resultList}</arg>
<arg>result=${product_id}</arg>
</arguments>
<assign>
<var>${neutral_3}</var>
</assign>
<msg timestamp="20210920 20:06:48.980" level="INFO">${neutral_3} = xpath=//strong[@id="A_P_J_7752078"]//ancestor::li[@class="gl-item high"]</msg>
<status status="PASS" starttime="20210920 20:06:48.979" endtime="20210920 20:06:48.980"></status>
</kw>
<kw name="Verify Web Element Is Visible" library="common_keywords">
<arguments>
<arg>${neutral_3}</arg>
</arguments>
<kw name="Wait Until Page Contains Element" library="SeleniumLibrary">
<doc>Waits until the element ``locator`` appears on the current page.</doc>
<arguments>
<arg>${locator}</arg>
<arg>timeout=${GLOBALTIMEOUT}</arg>
</arguments>
<status status="PASS" starttime="20210920 20:06:48.980" endtime="20210920 20:06:49.091"></status>
</kw>
<kw name="Wait Until Element Is Visible" library="SeleniumLibrary">
<doc>Waits until the element ``locator`` is visible.</doc>
<arguments>
<arg>${locator}</arg>
<arg>timeout=${GLOBALTIMEOUT}</arg>
</arguments>
<status status="PASS" starttime="20210920 20:06:49.091" endtime="20210920 20:06:49.321"></status>
</kw>
<status status="PASS" starttime="20210920 20:06:48.980" endtime="20210920 20:06:49.321"></status>
</kw>
<status status="PASS" starttime="20210920 20:06:48.979" endtime="20210920 20:06:49.321"></status>
</kw>
<status status="PASS" starttime="20210920 20:06:48.979" endtime="20210920 20:06:49.322"></status>
</kw>
<kw name="${item} = 295799" type="foritem">
<kw name="Verify Search Result Visible" library="search_result_page">
<arguments>
<arg>${item}</arg>
</arguments>
<kw name="Format String" library="String">
<doc>Formats a ``template`` using the given ``positional`` and ``named`` arguments.</doc>
<arguments>
<arg>${dictSearchResultPage.resultList}</arg>
<arg>result=${product_id}</arg>
</arguments>
<assign>
<var>${neutral_3}</var>
</assign>
<msg timestamp="20210920 20:06:49.324" level="INFO">${neutral_3} = xpath=//strong[@id="A_P_J_295799"]//ancestor::li[@class="gl-item high"]</msg>
<status status="PASS" starttime="20210920 20:06:49.323" endtime="20210920 20:06:49.324"></status>
</kw>
<kw name="Verify Web Element Is Visible" library="common_keywords">
<arguments>
<arg>${neutral_3}</arg>
</arguments>
<kw name="Wait Until Page Contains Element" library="SeleniumLibrary">
<doc>Waits until the element ``locator`` appears on the current page.</doc>
<arguments>
<arg>${locator}</arg>
<arg>timeout=${GLOBALTIMEOUT}</arg>
</arguments>
<status status="PASS" starttime="20210920 20:06:49.325" endtime="20210920 20:06:49.446"></status>
</kw>
<kw name="Wait Until Element Is Visible" library="SeleniumLibrary">
<doc>Waits until the element ``locator`` is visible.</doc>
<arguments>
<arg>${locator}</arg>
<arg>timeout=${GLOBALTIMEOUT}</arg>
</arguments>
<status status="PASS" starttime="20210920 20:06:49.446" endtime="20210920 20:06:49.675"></status>
</kw>
<status status="PASS" starttime="20210920 20:06:49.324" endtime="20210920 20:06:49.675"></status>
</kw>
<status status="PASS" starttime="20210920 20:06:49.322" endtime="20210920 20:06:49.675"></status>
</kw>
<status status="PASS" starttime="20210920 20:06:49.322" endtime="20210920 20:06:49.675"></status>
</kw>
<kw name="${item} = 5493569" type="foritem">
<kw name="Verify Search Result Visible" library="search_result_page">
<arguments>
<arg>${item}</arg>
</arguments>
<kw name="Format String" library="String">
<doc>Formats a ``template`` using the given ``positional`` and ``named`` arguments.</doc>
<arguments>
<arg>${dictSearchResultPage.resultList}</arg>
<arg>result=${product_id}</arg>
</arguments>
<assign>
<var>${neutral_3}</var>
</assign>
<msg timestamp="20210920 20:06:49.678" level="INFO">${neutral_3} = xpath=//strong[@id="A_P_J_5493569"]//ancestor::li[@class="gl-item high"]</msg>
<status status="PASS" starttime="20210920 20:06:49.677" endtime="20210920 20:06:49.678"></status>
</kw>
<kw name="Verify Web Element Is Visible" library="common_keywords">
<arguments>
<arg>${neutral_3}</arg>
</arguments>
<kw name="Wait Until Page Contains Element" library="SeleniumLibrary">
<doc>Waits until the element ``locator`` appears on the current page.</doc>
<arguments>
<arg>${locator}</arg>
<arg>timeout=${GLOBALTIMEOUT}</arg>
</arguments>
<status status="PASS" starttime="20210920 20:06:49.679" endtime="20210920 20:06:49.802"></status>
</kw>
<kw name="Wait Until Element Is Visible" library="SeleniumLibrary">
<doc>Waits until the element ``locator`` is visible.</doc>
<arguments>
<arg>${locator}</arg>
<arg>timeout=${GLOBALTIMEOUT}</arg>
</arguments>
<status status="PASS" starttime="20210920 20:06:49.802" endtime="20210920 20:06:50.030"></status>
</kw>
<status status="PASS" starttime="20210920 20:06:49.678" endtime="20210920 20:06:50.030"></status>
</kw>
<status status="PASS" starttime="20210920 20:06:49.676" endtime="20210920 20:06:50.030"></status>
</kw>
<status status="PASS" starttime="20210920 20:06:49.676" endtime="20210920 20:06:50.030"></status>
</kw>
<kw name="${item} = 9480283" type="foritem">
<kw name="Verify Search Result Visible" library="search_result_page">
<arguments>
<arg>${item}</arg>
</arguments>
<kw name="Format String" library="String">
<doc>Formats a ``template`` using the given ``positional`` and ``named`` arguments.</doc>
<arguments>
<arg>${dictSearchResultPage.resultList}</arg>
<arg>result=${product_id}</arg>
</arguments>
<assign>
<var>${neutral_3}</var>
</assign>
<msg timestamp="20210920 20:06:50.033" level="INFO">${neutral_3} = xpath=//strong[@id="A_P_J_9480283"]//ancestor::li[@class="gl-item high"]</msg>
<status status="PASS" starttime="20210920 20:06:50.032" endtime="20210920 20:06:50.033"></status>
</kw>
<kw name="Verify Web Element Is Visible" library="common_keywords">
<arguments>
<arg>${neutral_3}</arg>
</arguments>
<kw name="Wait Until Page Contains Element" library="SeleniumLibrary">
<doc>Waits until the element ``locator`` appears on the current page.</doc>
<arguments>
<arg>${locator}</arg>
<arg>timeout=${GLOBALTIMEOUT}</arg>
</arguments>
<status status="PASS" starttime="20210920 20:06:50.034" endtime="20210920 20:06:50.156"></status>
</kw>
<kw name="Wait Until Element Is Visible" library="SeleniumLibrary">
<doc>Waits until the element ``locator`` is visible.</doc>
<arguments>
<arg>${locator}</arg>
<arg>timeout=${GLOBALTIMEOUT}</arg>
</arguments>
<status status="PASS" starttime="20210920 20:06:50.156" endtime="20210920 20:06:50.386"></status>
</kw>
<status status="PASS" starttime="20210920 20:06:50.033" endtime="20210920 20:06:50.386"></status>
</kw>
<status status="PASS" starttime="20210920 20:06:50.031" endtime="20210920 20:06:50.386"></status>
</kw>
<status status="PASS" starttime="20210920 20:06:50.031" endtime="20210920 20:06:50.386"></status>
</kw>
<kw name="${item} = 2685337" type="foritem">
<kw name="Verify Search Result Visible" library="search_result_page">
<arguments>
<arg>${item}</arg>
</arguments>
<kw name="Format String" library="String">
<doc>Formats a ``template`` using the given ``positional`` and ``named`` arguments.</doc>
<arguments>
<arg>${dictSearchResultPage.resultList}</arg>
<arg>result=${product_id}</arg>
</arguments>
<assign>
<var>${neutral_3}</var>
</assign>
<msg timestamp="20210920 20:06:50.389" level="INFO">${neutral_3} = xpath=//strong[@id="A_P_J_2685337"]//ancestor::li[@class="gl-item high"]</msg>
<status status="PASS" starttime="20210920 20:06:50.388" endtime="20210920 20:06:50.389"></status>
</kw>
<kw name="Verify Web Element Is Visible" library="common_keywords">
<arguments>
<arg>${neutral_3}</arg>
</arguments>
<kw name="Wait Until Page Contains Element" library="SeleniumLibrary">
<doc>Waits until the element ``locator`` appears on the current page.</doc>
<arguments>
<arg>${locator}</arg>
<arg>timeout=${GLOBALTIMEOUT}</arg>
</arguments>
<status status="PASS" starttime="20210920 20:06:50.390" endtime="20210920 20:06:50.511"></status>
</kw>
<kw name="Wait Until Element Is Visible" library="SeleniumLibrary">
<doc>Waits until the element ``locator`` is visible.</doc>
<arguments>
<arg>${locator}</arg>
<arg>timeout=${GLOBALTIMEOUT}</arg>
</arguments>
<status status="PASS" starttime="20210920 20:06:50.511" endtime="20210920 20:06:50.741"></status>
</kw>
<status status="PASS" starttime="20210920 20:06:50.389" endtime="20210920 20:06:50.741"></status>
</kw>
<status status="PASS" starttime="20210920 20:06:50.387" endtime="20210920 20:06:50.741"></status>
</kw>
<status status="PASS" starttime="20210920 20:06:50.387" endtime="20210920 20:06:50.741"></status>
</kw>
<kw name="${item} = 26857401" type="foritem">
<kw name="Verify Search Result Visible" library="search_result_page">
<arguments>
<arg>${item}</arg>
</arguments>
<kw name="Format String" library="String">
<doc>Formats a ``template`` using the given ``positional`` and ``named`` arguments.</doc>
<arguments>
<arg>${dictSearchResultPage.resultList}</arg>
<arg>result=${product_id}</arg>
</arguments>
<assign>
<var>${neutral_3}</var>
</assign>
<msg timestamp="20210920 20:06:50.744" level="INFO">${neutral_3} = xpath=//strong[@id="A_P_J_26857401"]//ancestor::li[@class="gl-item high"]</msg>
<status status="PASS" starttime="20210920 20:06:50.743" endtime="20210920 20:06:50.744"></status>
</kw>
<kw name="Verify Web Element Is Visible" library="common_keywords">
<arguments>
<arg>${neutral_3}</arg>
</arguments>
<kw name="Wait Until Page Contains Element" library="SeleniumLibrary">
<doc>Waits until the element ``locator`` appears on the current page.</doc>
<arguments>
<arg>${locator}</arg>
<arg>timeout=${GLOBALTIMEOUT}</arg>
</arguments>
<status status="PASS" starttime="20210920 20:06:50.745" endtime="20210920 20:06:50.866"></status>
</kw>
<kw name="Wait Until Element Is Visible" library="SeleniumLibrary">
<doc>Waits until the element ``locator`` is visible.</doc>
<arguments>
<arg>${locator}</arg>
<arg>timeout=${GLOBALTIMEOUT}</arg>
</arguments>
<status status="PASS" starttime="20210920 20:06:50.866" endtime="20210920 20:06:51.095"></status>
</kw>
<status status="PASS" starttime="20210920 20:06:50.744" endtime="20210920 20:06:51.095"></status>
</kw>
<status status="PASS" starttime="20210920 20:06:50.742" endtime="20210920 20:06:51.095"></status>
</kw>
<status status="PASS" starttime="20210920 20:06:50.742" endtime="20210920 20:06:51.096"></status>
</kw>
<kw name="${item} = 5493595" type="foritem">
<kw name="Verify Search Result Visible" library="search_result_page">
<arguments>
<arg>${item}</arg>
</arguments>
<kw name="Format String" library="String">
<doc>Formats a ``template`` using the given ``positional`` and ``named`` arguments.</doc>
<arguments>
<arg>${dictSearchResultPage.resultList}</arg>
<arg>result=${product_id}</arg>
</arguments>
<assign>
<var>${neutral_3}</var>
</assign>
<msg timestamp="20210920 20:06:51.098" level="INFO">${neutral_3} = xpath=//strong[@id="A_P_J_5493595"]//ancestor::li[@class="gl-item high"]</msg>
<status status="PASS" starttime="20210920 20:06:51.097" endtime="20210920 20:06:51.098"></status>
</kw>
<kw name="Verify Web Element Is Visible" library="common_keywords">
<arguments>
<arg>${neutral_3}</arg>
</arguments>
<kw name="Wait Until Page Contains Element" library="SeleniumLibrary">
<doc>Waits until the element ``locator`` appears on the current page.</doc>
<arguments>
<arg>${locator}</arg>
<arg>timeout=${GLOBALTIMEOUT}</arg>
</arguments>
<status status="PASS" starttime="20210920 20:06:51.099" endtime="20210920 20:06:51.220"></status>
</kw>
<kw name="Wait Until Element Is Visible" library="SeleniumLibrary">
<doc>Waits until the element ``locator`` is visible.</doc>
<arguments>
<arg>${locator}</arg>
<arg>timeout=${GLOBALTIMEOUT}</arg>
</arguments>
<status status="PASS" starttime="20210920 20:06:51.220" endtime="20210920 20:06:51.449"></status>
</kw>
<status status="PASS" starttime="20210920 20:06:51.098" endtime="20210920 20:06:51.449"></status>
</kw>
<status status="PASS" starttime="20210920 20:06:51.096" endtime="20210920 20:06:51.449"></status>
</kw>
<status status="PASS" starttime="20210920 20:06:51.096" endtime="20210920 20:06:51.449"></status>
</kw>
<kw name="${item} = 24828988" type="foritem">
<kw name="Verify Search Result Visible" library="search_result_page">
<arguments>
<arg>${item}</arg>
</arguments>
<kw name="Format String" library="String">
<doc>Formats a ``template`` using the given ``positional`` and ``named`` arguments.</doc>
<arguments>
<arg>${dictSearchResultPage.resultList}</arg>
<arg>result=${product_id}</arg>
</arguments>
<assign>
<var>${neutral_3}</var>
</assign>
<msg timestamp="20210920 20:06:51.452" level="INFO">${neutral_3} = xpath=//strong[@id="A_P_J_24828988"]//ancestor::li[@class="gl-item high"]</msg>
<status status="PASS" starttime="20210920 20:06:51.451" endtime="20210920 20:06:51.452"></status>
</kw>
<kw name="Verify Web Element Is Visible" library="common_keywords">
<arguments>
<arg>${neutral_3}</arg>
</arguments>
<kw name="Wait Until Page Contains Element" library="SeleniumLibrary">
<doc>Waits until the element ``locator`` appears on the current page.</doc>
<arguments>
<arg>${locator}</arg>
<arg>timeout=${GLOBALTIMEOUT}</arg>
</arguments>
<status status="PASS" starttime="20210920 20:06:51.453" endtime="20210920 20:06:51.573"></status>
</kw>
<kw name="Wait Until Element Is Visible" library="SeleniumLibrary">
<doc>Waits until the element ``locator`` is visible.</doc>
<arguments>
<arg>${locator}</arg>
<arg>timeout=${GLOBALTIMEOUT}</arg>
</arguments>
<status status="PASS" starttime="20210920 20:06:51.573" endtime="20210920 20:06:51.802"></status>
</kw>
<status status="PASS" starttime="20210920 20:06:51.452" endtime="20210920 20:06:51.802"></status>
</kw>
<status status="PASS" starttime="20210920 20:06:51.450" endtime="20210920 20:06:51.802"></status>
</kw>
<status status="PASS" starttime="20210920 20:06:51.450" endtime="20210920 20:06:51.802"></status>
</kw>
<kw name="${item} = 295804" type="foritem">
<kw name="Verify Search Result Visible" library="search_result_page">
<arguments>
<arg>${item}</arg>
</arguments>
<kw name="Format String" library="String">
<doc>Formats a ``template`` using the given ``positional`` and ``named`` arguments.</doc>
<arguments>
<arg>${dictSearchResultPage.resultList}</arg>
<arg>result=${product_id}</arg>
</arguments>
<assign>
<var>${neutral_3}</var>
</assign>
<msg timestamp="20210920 20:06:51.805" level="INFO">${neutral_3} = xpath=//strong[@id="A_P_J_295804"]//ancestor::li[@class="gl-item high"]</msg>
<status status="PASS" starttime="20210920 20:06:51.804" endtime="20210920 20:06:51.805"></status>
</kw>
<kw name="Verify Web Element Is Visible" library="common_keywords">
<arguments>
<arg>${neutral_3}</arg>
</arguments>
<kw name="Wait Until Page Contains Element" library="SeleniumLibrary">
<doc>Waits until the element ``locator`` appears on the current page.</doc>
<arguments>
<arg>${locator}</arg>
<arg>timeout=${GLOBALTIMEOUT}</arg>
</arguments>
<status status="PASS" starttime="20210920 20:06:51.806" endtime="20210920 20:06:51.924"></status>
</kw>
<kw name="Wait Until Element Is Visible" library="SeleniumLibrary">
<doc>Waits until the element ``locator`` is visible.</doc>
<arguments>
<arg>${locator}</arg>
<arg>timeout=${GLOBALTIMEOUT}</arg>
</arguments>
<status status="PASS" starttime="20210920 20:06:51.924" endtime="20210920 20:06:52.161"></status>
</kw>
<status status="PASS" starttime="20210920 20:06:51.806" endtime="20210920 20:06:52.161"></status>
</kw>
<status status="PASS" starttime="20210920 20:06:51.803" endtime="20210920 20:06:52.161"></status>
</kw>
<status status="PASS" starttime="20210920 20:06:51.803" endtime="20210920 20:06:52.162"></status>
</kw>
<kw name="${item} = 18995560" type="foritem">
<kw name="Verify Search Result Visible" library="search_result_page">
<arguments>
<arg>${item}</arg>
</arguments>
<kw name="Format String" library="String">
<doc>Formats a ``template`` using the given ``positional`` and ``named`` arguments.</doc>
<arguments>
<arg>${dictSearchResultPage.resultList}</arg>
<arg>result=${product_id}</arg>
</arguments>
<assign>
<var>${neutral_3}</var>
</assign>
<msg timestamp="20210920 20:06:52.164" level="INFO">${neutral_3} = xpath=//strong[@id="A_P_J_18995560"]//ancestor::li[@class="gl-item high"]</msg>
<status status="PASS" starttime="20210920 20:06:52.163" endtime="20210920 20:06:52.164"></status>
</kw>
<kw name="Verify Web Element Is Visible" library="common_keywords">
<arguments>
<arg>${neutral_3}</arg>
</arguments>
<kw name="Wait Until Page Contains Element" library="SeleniumLibrary">
<doc>Waits until the element ``locator`` appears on the current page.</doc>
<arguments>
<arg>${locator}</arg>
<arg>timeout=${GLOBALTIMEOUT}</arg>
</arguments>
<status status="PASS" starttime="20210920 20:06:52.165" endtime="20210920 20:06:52.286"></status>
</kw>
<kw name="Wait Until Element Is Visible" library="SeleniumLibrary">
<doc>Waits until the element ``locator`` is visible.</doc>
<arguments>
<arg>${locator}</arg>
<arg>timeout=${GLOBALTIMEOUT}</arg>
</arguments>
<status status="PASS" starttime="20210920 20:06:52.286" endtime="20210920 20:06:52.516"></status>
</kw>
<status status="PASS" starttime="20210920 20:06:52.164" endtime="20210920 20:06:52.516"></status>
</kw>
<status status="PASS" starttime="20210920 20:06:52.162" endtime="20210920 20:06:52.516"></status>
</kw>
<status status="PASS" starttime="20210920 20:06:52.162" endtime="20210920 20:06:52.516"></status>
</kw>
<kw name="${item} = 13065441" type="foritem">
<kw name="Verify Search Result Visible" library="search_result_page">
<arguments>
<arg>${item}</arg>
</arguments>
<kw name="Format String" library="String">
<doc>Formats a ``template`` using the given ``positional`` and ``named`` arguments.</doc>
<arguments>
<arg>${dictSearchResultPage.resultList}</arg>
<arg>result=${product_id}</arg>
</arguments>
<assign>
<var>${neutral_3}</var>
</assign>
<msg timestamp="20210920 20:06:52.519" level="INFO">${neutral_3} = xpath=//strong[@id="A_P_J_13065441"]//ancestor::li[@class="gl-item high"]</msg>
<status status="PASS" starttime="20210920 20:06:52.518" endtime="20210920 20:06:52.519"></status>
</kw>
<kw name="Verify Web Element Is Visible" library="common_keywords">
<arguments>
<arg>${neutral_3}</arg>
</arguments>
<kw name="Wait Until Page Contains Element" library="SeleniumLibrary">
<doc>Waits until the element ``locator`` appears on the current page.</doc>
<arguments>
<arg>${locator}</arg>
<arg>timeout=${GLOBALTIMEOUT}</arg>
</arguments>
<status status="PASS" starttime="20210920 20:06:52.520" endtime="20210920 20:06:52.641"></status>
</kw>
<kw name="Wait Until Element Is Visible" library="SeleniumLibrary">
<doc>Waits until the element ``locator`` is visible.</doc>
<arguments>
<arg>${locator}</arg>
<arg>timeout=${GLOBALTIMEOUT}</arg>
</arguments>
<status status="PASS" starttime="20210920 20:06:52.641" endtime="20210920 20:06:52.871"></status>
</kw>
<status status="PASS" starttime="20210920 20:06:52.519" endtime="20210920 20:06:52.871"></status>
</kw>
<status status="PASS" starttime="20210920 20:06:52.517" endtime="20210920 20:06:52.871"></status>
</kw>
<status status="PASS" starttime="20210920 20:06:52.517" endtime="20210920 20:06:52.871"></status>
</kw>
<kw name="${item} = 3741774" type="foritem">
<kw name="Verify Search Result Visible" library="search_result_page">
<arguments>
<arg>${item}</arg>
</arguments>
<kw name="Format String" library="String">
<doc>Formats a ``template`` using the given ``positional`` and ``named`` arguments.</doc>
<arguments>
<arg>${dictSearchResultPage.resultList}</arg>
<arg>result=${product_id}</arg>
</arguments>
<assign>
<var>${neutral_3}</var>
</assign>
<msg timestamp="20210920 20:06:52.874" level="INFO">${neutral_3} = xpath=//strong[@id="A_P_J_3741774"]//ancestor::li[@class="gl-item high"]</msg>
<status status="PASS" starttime="20210920 20:06:52.873" endtime="20210920 20:06:52.874"></status>
</kw>
<kw name="Verify Web Element Is Visible" library="common_keywords">
<arguments>
<arg>${neutral_3}</arg>
</arguments>
<kw name="Wait Until Page Contains Element" library="SeleniumLibrary">
<doc>Waits until the element ``locator`` appears on the current page.</doc>
<arguments>
<arg>${locator}</arg>
<arg>timeout=${GLOBALTIMEOUT}</arg>
</arguments>
<status status="PASS" starttime="20210920 20:06:52.875" endtime="20210920 20:06:52.996"></status>
</kw>
<kw name="Wait Until Element Is Visible" library="SeleniumLibrary">
<doc>Waits until the element ``locator`` is visible.</doc>
<arguments>
<arg>${locator}</arg>
<arg>timeout=${GLOBALTIMEOUT}</arg>
</arguments>
<status status="PASS" starttime="20210920 20:06:52.996" endtime="20210920 20:06:53.226"></status>
</kw>
<status status="PASS" starttime="20210920 20:06:52.874" endtime="20210920 20:06:53.226"></status>
</kw>
<status status="PASS" starttime="20210920 20:06:52.872" endtime="20210920 20:06:53.226"></status>
</kw>
<status status="PASS" starttime="20210920 20:06:52.872" endtime="20210920 20:06:53.226"></status>
</kw>
<kw name="${item} = 15073795" type="foritem">
<kw name="Verify Search Result Visible" library="search_result_page">
<arguments>
<arg>${item}</arg>
</arguments>
<kw name="Format String" library="String">
<doc>Formats a ``template`` using the given ``positional`` and ``named`` arguments.</doc>
<arguments>
<arg>${dictSearchResultPage.resultList}</arg>
<arg>result=${product_id}</arg>
</arguments>
<assign>
<var>${neutral_3}</var>
</assign>
<msg timestamp="20210920 20:06:53.229" level="INFO">${neutral_3} = xpath=//strong[@id="A_P_J_15073795"]//ancestor::li[@class="gl-item high"]</msg>
<status status="PASS" starttime="20210920 20:06:53.228" endtime="20210920 20:06:53.229"></status>
</kw>
<kw name="Verify Web Element Is Visible" library="common_keywords">
<arguments>
<arg>${neutral_3}</arg>
</arguments>
<kw name="Wait Until Page Contains Element" library="SeleniumLibrary">
<doc>Waits until the element ``locator`` appears on the current page.</doc>
<arguments>
<arg>${locator}</arg>
<arg>timeout=${GLOBALTIMEOUT}</arg>
</arguments>
<status status="PASS" starttime="20210920 20:06:53.230" endtime="20210920 20:06:53.351"></status>
</kw>
<kw name="Wait Until Element Is Visible" library="SeleniumLibrary">
<doc>Waits until the element ``locator`` is visible.</doc>
<arguments>
<arg>${locator}</arg>
<arg>timeout=${GLOBALTIMEOUT}</arg>
</arguments>
<status status="PASS" starttime="20210920 20:06:53.351" endtime="20210920 20:06:53.580"></status>
</kw>
<status status="PASS" starttime="20210920 20:06:53.229" endtime="20210920 20:06:53.580"></status>
</kw>
<status status="PASS" starttime="20210920 20:06:53.227" endtime="20210920 20:06:53.581"></status>
</kw>
<status status="PASS" starttime="20210920 20:06:53.227" endtime="20210920 20:06:53.581"></status>
</kw>
<kw name="${item} = 9477005" type="foritem">
<kw name="Verify Search Result Visible" library="search_result_page">
<arguments>
<arg>${item}</arg>
</arguments>
<kw name="Format String" library="String">
<doc>Formats a ``template`` using the given ``positional`` and ``named`` arguments.</doc>
<arguments>
<arg>${dictSearchResultPage.resultList}</arg>
<arg>result=${product_id}</arg>
</arguments>
<assign>
<var>${neutral_3}</var>
</assign>
<msg timestamp="20210920 20:06:53.583" level="INFO">${neutral_3} = xpath=//strong[@id="A_P_J_9477005"]//ancestor::li[@class="gl-item high"]</msg>
<status status="PASS" starttime="20210920 20:06:53.582" endtime="20210920 20:06:53.583"></status>
</kw>
<kw name="Verify Web Element Is Visible" library="common_keywords">
<arguments>
<arg>${neutral_3}</arg>
</arguments>
<kw name="Wait Until Page Contains Element" library="SeleniumLibrary">
<doc>Waits until the element ``locator`` appears on the current page.</doc>
<arguments>
<arg>${locator}</arg>
<arg>timeout=${GLOBALTIMEOUT}</arg>
</arguments>
<status status="PASS" starttime="20210920 20:06:53.584" endtime="20210920 20:06:53.705"></status>
</kw>
<kw name="Wait Until Element Is Visible" library="SeleniumLibrary">
<doc>Waits until the element ``locator`` is visible.</doc>
<arguments>
<arg>${locator}</arg>
<arg>timeout=${GLOBALTIMEOUT}</arg>
</arguments>
<status status="PASS" starttime="20210920 20:06:53.705" endtime="20210920 20:06:53.928"></status>
</kw>
<status status="PASS" starttime="20210920 20:06:53.583" endtime="20210920 20:06:53.928"></status>
</kw>
<status status="PASS" starttime="20210920 20:06:53.581" endtime="20210920 20:06:53.928"></status>
</kw>
<status status="PASS" starttime="20210920 20:06:53.581" endtime="20210920 20:06:53.928"></status>
</kw>
<kw name="${item} = 295222" type="foritem">
<kw name="Verify Search Result Visible" library="search_result_page">
<arguments>
<arg>${item}</arg>
</arguments>
<kw name="Format String" library="String">
<doc>Formats a ``template`` using the given ``positional`` and ``named`` arguments.</doc>
<arguments>
<arg>${dictSearchResultPage.resultList}</arg>
<arg>result=${product_id}</arg>
</arguments>
<assign>
<var>${neutral_3}</var>
</assign>
<msg timestamp="20210920 20:06:53.929" level="INFO">${neutral_3} = xpath=//strong[@id="A_P_J_295222"]//ancestor::li[@class="gl-item high"]</msg>
<status status="PASS" starttime="20210920 20:06:53.929" endtime="20210920 20:06:53.929"></status>
</kw>
<kw name="Verify Web Element Is Visible" library="common_keywords">
<arguments>
<arg>${neutral_3}</arg>
</arguments>
<kw name="Wait Until Page Contains Element" library="SeleniumLibrary">
<doc>Waits until the element ``locator`` appears on the current page.</doc>
<arguments>
<arg>${locator}</arg>
<arg>timeout=${GLOBALTIMEOUT}</arg>
</arguments>
<status status="PASS" starttime="20210920 20:06:53.930" endtime="20210920 20:06:54.046"></status>
</kw>
<kw name="Wait Until Element Is Visible" library="SeleniumLibrary">
<doc>Waits until the element ``locator`` is visible.</doc>
<arguments>
<arg>${locator}</arg>
<arg>timeout=${GLOBALTIMEOUT}</arg>
</arguments>
<status status="PASS" starttime="20210920 20:06:54.046" endtime="20210920 20:06:54.262"></status>
</kw>
<status status="PASS" starttime="20210920 20:06:53.930" endtime="20210920 20:06:54.262"></status>
</kw>
<status status="PASS" starttime="20210920 20:06:53.928" endtime="20210920 20:06:54.262"></status>
</kw>
<status status="PASS" starttime="20210920 20:06:53.928" endtime="20210920 20:06:54.262"></status>
</kw>
<kw name="${item} = 12512676" type="foritem">
<kw name="Verify Search Result Visible" library="search_result_page">
<arguments>
<arg>${item}</arg>
</arguments>
<kw name="Format String" library="String">
<doc>Formats a ``template`` using the given ``positional`` and ``named`` arguments.</doc>
<arguments>
<arg>${dictSearchResultPage.resultList}</arg>
<arg>result=${product_id}</arg>
</arguments>
<assign>
<var>${neutral_3}</var>
</assign>
<msg timestamp="20210920 20:06:54.263" level="INFO">${neutral_3} = xpath=//strong[@id="A_P_J_12512676"]//ancestor::li[@class="gl-item high"]</msg>
<status status="PASS" starttime="20210920 20:06:54.263" endtime="20210920 20:06:54.263"></status>
</kw>
<kw name="Verify Web Element Is Visible" library="common_keywords">
<arguments>
<arg>${neutral_3}</arg>
</arguments>
<kw name="Wait Until Page Contains Element" library="SeleniumLibrary">
<doc>Waits until the element ``locator`` appears on the current page.</doc>
<arguments>
<arg>${locator}</arg>
<arg>timeout=${GLOBALTIMEOUT}</arg>
</arguments>
<status status="PASS" starttime="20210920 20:06:54.264" endtime="20210920 20:06:54.377"></status>
</kw>
<kw name="Wait Until Element Is Visible" library="SeleniumLibrary">
<doc>Waits until the element ``locator`` is visible.</doc>
<arguments>
<arg>${locator}</arg>
<arg>timeout=${GLOBALTIMEOUT}</arg>
</arguments>
<status status="PASS" starttime="20210920 20:06:54.377" endtime="20210920 20:06:54.605"></status>
</kw>
<status status="PASS" starttime="20210920 20:06:54.263" endtime="20210920 20:06:54.605"></status>
</kw>
<status status="PASS" starttime="20210920 20:06:54.262" endtime="20210920 20:06:54.605"></status>
</kw>
<status status="PASS" starttime="20210920 20:06:54.262" endtime="20210920 20:06:54.605"></status>
</kw>
<kw name="${item} = 2925791" type="foritem">
<kw name="Verify Search Result Visible" library="search_result_page">
<arguments>
<arg>${item}</arg>
</arguments>
<kw name="Format String" library="String">
<doc>Formats a ``template`` using the given ``positional`` and ``named`` arguments.</doc>
<arguments>
<arg>${dictSearchResultPage.resultList}</arg>
<arg>result=${product_id}</arg>
</arguments>
<assign>
<var>${neutral_3}</var>
</assign>
<msg timestamp="20210920 20:06:54.608" level="INFO">${neutral_3} = xpath=//strong[@id="A_P_J_2925791"]//ancestor::li[@class="gl-item high"]</msg>
<status status="PASS" starttime="20210920 20:06:54.607" endtime="20210920 20:06:54.608"></status>
</kw>
<kw name="Verify Web Element Is Visible" library="common_keywords">
<arguments>
<arg>${neutral_3}</arg>
</arguments>
<kw name="Wait Until Page Contains Element" library="SeleniumLibrary">
<doc>Waits until the element ``locator`` appears on the current page.</doc>
<arguments>
<arg>${locator}</arg>
<arg>timeout=${GLOBALTIMEOUT}</arg>
</arguments>
<status status="PASS" starttime="20210920 20:06:54.609" endtime="20210920 20:06:54.730"></status>
</kw>
<kw name="Wait Until Element Is Visible" library="SeleniumLibrary">
<doc>Waits until the element ``locator`` is visible.</doc>
<arguments>
<arg>${locator}</arg>
<arg>timeout=${GLOBALTIMEOUT}</arg>
</arguments>
<status status="PASS" starttime="20210920 20:06:54.730" endtime="20210920 20:06:54.960"></status>
</kw>
<status status="PASS" starttime="20210920 20:06:54.608" endtime="20210920 20:06:54.960"></status>
</kw>
<status status="PASS" starttime="20210920 20:06:54.606" endtime="20210920 20:06:54.960"></status>
</kw>
<status status="PASS" starttime="20210920 20:06:54.606" endtime="20210920 20:06:54.961"></status>
</kw>
<kw name="${item} = 44734291" type="foritem">
<kw name="Verify Search Result Visible" library="search_result_page">
<arguments>
<arg>${item}</arg>
</arguments>
<kw name="Format String" library="String">
<doc>Formats a ``template`` using the given ``positional`` and ``named`` arguments.</doc>
<arguments>
<arg>${dictSearchResultPage.resultList}</arg>
<arg>result=${product_id}</arg>
</arguments>
<assign>
<var>${neutral_3}</var>
</assign>
<msg timestamp="20210920 20:06:54.963" level="INFO">${neutral_3} = xpath=//strong[@id="A_P_J_44734291"]//ancestor::li[@class="gl-item high"]</msg>
<status status="PASS" starttime="20210920 20:06:54.962" endtime="20210920 20:06:54.963"></status>
</kw>
<kw name="Verify Web Element Is Visible" library="common_keywords">
<arguments>
<arg>${neutral_3}</arg>
</arguments>
<kw name="Wait Until Page Contains Element" library="SeleniumLibrary">
<doc>Waits until the element ``locator`` appears on the current page.</doc>
<arguments>
<arg>${locator}</arg>
<arg>timeout=${GLOBALTIMEOUT}</arg>
</arguments>
<status status="PASS" starttime="20210920 20:06:54.964" endtime="20210920 20:06:55.085"></status>
</kw>
<kw name="Wait Until Element Is Visible" library="SeleniumLibrary">
<doc>Waits until the element ``locator`` is visible.</doc>
<arguments>
<arg>${locator}</arg>
<arg>timeout=${GLOBALTIMEOUT}</arg>
</arguments>
<status status="PASS" starttime="20210920 20:06:55.085" endtime="20210920 20:06:55.306"></status>
</kw>
<status status="PASS" starttime="20210920 20:06:54.964" endtime="20210920 20:06:55.306"></status>
</kw>
<status status="PASS" starttime="20210920 20:06:54.961" endtime="20210920 20:06:55.306"></status>
</kw>
<status status="PASS" starttime="20210920 20:06:54.961" endtime="20210920 20:06:55.306"></status>
</kw>
<kw name="${item} = 5493575" type="foritem">
<kw name="Verify Search Result Visible" library="search_result_page">
<arguments>
<arg>${item}</arg>
</arguments>
<kw name="Format String" library="String">
<doc>Formats a ``template`` using the given ``positional`` and ``named`` arguments.</doc>
<arguments>
<arg>${dictSearchResultPage.resultList}</arg>
<arg>result=${product_id}</arg>
</arguments>
<assign>
<var>${neutral_3}</var>
</assign>
<msg timestamp="20210920 20:06:55.309" level="INFO">${neutral_3} = xpath=//strong[@id="A_P_J_5493575"]//ancestor::li[@class="gl-item high"]</msg>
<status status="PASS" starttime="20210920 20:06:55.308" endtime="20210920 20:06:55.309"></status>
</kw>
<kw name="Verify Web Element Is Visible" library="common_keywords">
<arguments>
<arg>${neutral_3}</arg>
</arguments>
<kw name="Wait Until Page Contains Element" library="SeleniumLibrary">
<doc>Waits until the element ``locator`` appears on the current page.</doc>
<arguments>
<arg>${locator}</arg>
<arg>timeout=${GLOBALTIMEOUT}</arg>
</arguments>
<status status="PASS" starttime="20210920 20:06:55.310" endtime="20210920 20:06:55.422"></status>
</kw>
<kw name="Wait Until Element Is Visible" library="SeleniumLibrary">
<doc>Waits until the element ``locator`` is visible.</doc>
<arguments>
<arg>${locator}</arg>
<arg>timeout=${GLOBALTIMEOUT}</arg>
</arguments>
<status status="PASS" starttime="20210920 20:06:55.422" endtime="20210920 20:06:55.653"></status>
</kw>
<status status="PASS" starttime="20210920 20:06:55.309" endtime="20210920 20:06:55.653"></status>
</kw>
<status status="PASS" starttime="20210920 20:06:55.307" endtime="20210920 20:06:55.653"></status>
</kw>
<status status="PASS" starttime="20210920 20:06:55.307" endtime="20210920 20:06:55.653"></status>
</kw>
<kw name="${item} = 7094395" type="foritem">
<kw name="Verify Search Result Visible" library="search_result_page">
<arguments>
<arg>${item}</arg>
</arguments>
<kw name="Format String" library="String">
<doc>Formats a ``template`` using the given ``positional`` and ``named`` arguments.</doc>
<arguments>
<arg>${dictSearchResultPage.resultList}</arg>
<arg>result=${product_id}</arg>
</arguments>
<assign>
<var>${neutral_3}</var>
</assign>
<msg timestamp="20210920 20:06:55.656" level="INFO">${neutral_3} = xpath=//strong[@id="A_P_J_7094395"]//ancestor::li[@class="gl-item high"]</msg>
<status status="PASS" starttime="20210920 20:06:55.655" endtime="20210920 20:06:55.656"></status>
</kw>
<kw name="Verify Web Element Is Visible" library="common_keywords">
<arguments>
<arg>${neutral_3}</arg>
</arguments>
<kw name="Wait Until Page Contains Element" library="SeleniumLibrary">
<doc>Waits until the element ``locator`` appears on the current page.</doc>
<arguments>
<arg>${locator}</arg>
<arg>timeout=${GLOBALTIMEOUT}</arg>
</arguments>
<status status="PASS" starttime="20210920 20:06:55.657" endtime="20210920 20:06:55.770"></status>
</kw>
<kw name="Wait Until Element Is Visible" library="SeleniumLibrary">
<doc>Waits until the element ``locator`` is visible.</doc>
<arguments>
<arg>${locator}</arg>
<arg>timeout=${GLOBALTIMEOUT}</arg>
</arguments>
<status status="PASS" starttime="20210920 20:06:55.770" endtime="20210920 20:06:55.997"></status>
</kw>
<status status="PASS" starttime="20210920 20:06:55.656" endtime="20210920 20:06:55.997"></status>
</kw>
<status status="PASS" starttime="20210920 20:06:55.654" endtime="20210920 20:06:55.997"></status>
</kw>
<status status="PASS" starttime="20210920 20:06:55.654" endtime="20210920 20:06:55.997"></status>
</kw>
<kw name="${item} = 295802" type="foritem">
<kw name="Verify Search Result Visible" library="search_result_page">
<arguments>
<arg>${item}</arg>
</arguments>
<kw name="Format String" library="String">
<doc>Formats a ``template`` using the given ``positional`` and ``named`` arguments.</doc>
<arguments>
<arg>${dictSearchResultPage.resultList}</arg>
<arg>result=${product_id}</arg>
</arguments>
<assign>
<var>${neutral_3}</var>
</assign>
<msg timestamp="20210920 20:06:56.000" level="INFO">${neutral_3} = xpath=//strong[@id="A_P_J_295802"]//ancestor::li[@class="gl-item high"]</msg>
<status status="PASS" starttime="20210920 20:06:55.999" endtime="20210920 20:06:56.000"></status>
</kw>
<kw name="Verify Web Element Is Visible" library="common_keywords">
<arguments>
<arg>${neutral_3}</arg>
</arguments>
<kw name="Wait Until Page Contains Element" library="SeleniumLibrary">
<doc>Waits until the element ``locator`` appears on the current page.</doc>
<arguments>
<arg>${locator}</arg>
<arg>timeout=${GLOBALTIMEOUT}</arg>
</arguments>
<status status="PASS" starttime="20210920 20:06:56.001" endtime="20210920 20:06:56.120"></status>
</kw>
<kw name="Wait Until Element Is Visible" library="SeleniumLibrary">
<doc>Waits until the element ``locator`` is visible.</doc>
<arguments>
<arg>${locator}</arg>
<arg>timeout=${GLOBALTIMEOUT}</arg>
</arguments>
<status status="PASS" starttime="20210920 20:06:56.120" endtime="20210920 20:06:56.346"></status>
</kw>
<status status="PASS" starttime="20210920 20:06:56.000" endtime="20210920 20:06:56.346"></status>
</kw>
<status status="PASS" starttime="20210920 20:06:55.998" endtime="20210920 20:06:56.346"></status>
</kw>
<status status="PASS" starttime="20210920 20:06:55.998" endtime="20210920 20:06:56.346"></status>
</kw>
<kw name="${item} = 295205" type="foritem">
<kw name="Verify Search Result Visible" library="search_result_page">
<arguments>
<arg>${item}</arg>
</arguments>
<kw name="Format String" library="String">
<doc>Formats a ``template`` using the given ``positional`` and ``named`` arguments.</doc>
<arguments>
<arg>${dictSearchResultPage.resultList}</arg>
<arg>result=${product_id}</arg>
</arguments>
<assign>
<var>${neutral_3}</var>
</assign>
<msg timestamp="20210920 20:06:56.349" level="INFO">${neutral_3} = xpath=//strong[@id="A_P_J_295205"]//ancestor::li[@class="gl-item high"]</msg>
<status status="PASS" starttime="20210920 20:06:56.348" endtime="20210920 20:06:56.349"></status>
</kw>
<kw name="Verify Web Element Is Visible" library="common_keywords">
<arguments>
<arg>${neutral_3}</arg>
</arguments>
<kw name="Wait Until Page Contains Element" library="SeleniumLibrary">
<doc>Waits until the element ``locator`` appears on the current page.</doc>
<arguments>
<arg>${locator}</arg>
<arg>timeout=${GLOBALTIMEOUT}</arg>
</arguments>
<status status="PASS" starttime="20210920 20:06:56.350" endtime="20210920 20:06:56.465"></status>
</kw>
<kw name="Wait Until Element Is Visible" library="SeleniumLibrary">
<doc>Waits until the element ``locator`` is visible.</doc>
<arguments>
<arg>${locator}</arg>
<arg>timeout=${GLOBALTIMEOUT}</arg>
</arguments>
<status status="PASS" starttime="20210920 20:06:56.465" endtime="20210920 20:06:56.695"></status>
</kw>
<status status="PASS" starttime="20210920 20:06:56.349" endtime="20210920 20:06:56.695"></status>
</kw>
<status status="PASS" starttime="20210920 20:06:56.347" endtime="20210920 20:06:56.696"></status>
</kw>
<status status="PASS" starttime="20210920 20:06:56.347" endtime="20210920 20:06:56.696"></status>
</kw>
<kw name="${item} = 295249" type="foritem">
<kw name="Verify Search Result Visible" library="search_result_page">
<arguments>
<arg>${item}</arg>
</arguments>
<kw name="Format String" library="String">
<doc>Formats a ``template`` using the given ``positional`` and ``named`` arguments.</doc>
<arguments>
<arg>${dictSearchResultPage.resultList}</arg>
<arg>result=${product_id}</arg>
</arguments>
<assign>
<var>${neutral_3}</var>
</assign>
<msg timestamp="20210920 20:06:56.698" level="INFO">${neutral_3} = xpath=//strong[@id="A_P_J_295249"]//ancestor::li[@class="gl-item high"]</msg>
<status status="PASS" starttime="20210920 20:06:56.697" endtime="20210920 20:06:56.698"></status>
</kw>
<kw name="Verify Web Element Is Visible" library="common_keywords">
<arguments>
<arg>${neutral_3}</arg>
</arguments>
<kw name="Wait Until Page Contains Element" library="SeleniumLibrary">
<doc>Waits until the element ``locator`` appears on the current page.</doc>
<arguments>
<arg>${locator}</arg>
<arg>timeout=${GLOBALTIMEOUT}</arg>
</arguments>
<status status="PASS" starttime="20210920 20:06:56.700" endtime="20210920 20:06:56.820"></status>
</kw>
<kw name="Wait Until Element Is Visible" library="SeleniumLibrary">
<doc>Waits until the element ``locator`` is visible.</doc>
<arguments>
<arg>${locator}</arg>
<arg>timeout=${GLOBALTIMEOUT}</arg>
</arguments>
<status status="PASS" starttime="20210920 20:06:56.820" endtime="20210920 20:06:57.050"></status>
</kw>
<status status="PASS" starttime="20210920 20:06:56.699" endtime="20210920 20:06:57.050"></status>
</kw>
<status status="PASS" starttime="20210920 20:06:56.696" endtime="20210920 20:06:57.050"></status>
</kw>
<status status="PASS" starttime="20210920 20:06:56.696" endtime="20210920 20:06:57.050"></status>
</kw>
<kw name="${item} = 12506761" type="foritem">
<kw name="Verify Search Result Visible" library="search_result_page">
<arguments>
<arg>${item}</arg>
</arguments>
<kw name="Format String" library="String">
<doc>Formats a ``template`` using the given ``positional`` and ``named`` arguments.</doc>
<arguments>
<arg>${dictSearchResultPage.resultList}</arg>
<arg>result=${product_id}</arg>
</arguments>
<assign>
<var>${neutral_3}</var>
</assign>
<msg timestamp="20210920 20:06:57.053" level="INFO">${neutral_3} = xpath=//strong[@id="A_P_J_12506761"]//ancestor::li[@class="gl-item high"]</msg>
<status status="PASS" starttime="20210920 20:06:57.052" endtime="20210920 20:06:57.053"></status>
</kw>
<kw name="Verify Web Element Is Visible" library="common_keywords">
<arguments>
<arg>${neutral_3}</arg>
</arguments>
<kw name="Wait Until Page Contains Element" library="SeleniumLibrary">
<doc>Waits until the element ``locator`` appears on the current page.</doc>
<arguments>
<arg>${locator}</arg>
<arg>timeout=${GLOBALTIMEOUT}</arg>
</arguments>
<status status="PASS" starttime="20210920 20:06:57.054" endtime="20210920 20:06:57.176"></status>
</kw>
<kw name="Wait Until Element Is Visible" library="SeleniumLibrary">
<doc>Waits until the element ``locator`` is visible.</doc>
<arguments>
<arg>${locator}</arg>
<arg>timeout=${GLOBALTIMEOUT}</arg>
</arguments>
<status status="PASS" starttime="20210920 20:06:57.176" endtime="20210920 20:06:57.404"></status>
</kw>
<status status="PASS" starttime="20210920 20:06:57.053" endtime="20210920 20:06:57.404"></status>
</kw>
<status status="PASS" starttime="20210920 20:06:57.051" endtime="20210920 20:06:57.404"></status>
</kw>
<status status="PASS" starttime="20210920 20:06:57.051" endtime="20210920 20:06:57.404"></status>
</kw>
<kw name="${item} = 295248" type="foritem">
<kw name="Verify Search Result Visible" library="search_result_page">
<arguments>
<arg>${item}</arg>
</arguments>
<kw name="Format String" library="String">
<doc>Formats a ``template`` using the given ``positional`` and ``named`` arguments.</doc>
<arguments>
<arg>${dictSearchResultPage.resultList}</arg>
<arg>result=${product_id}</arg>
</arguments>
<assign>
<var>${neutral_3}</var>
</assign>
<msg timestamp="20210920 20:06:57.407" level="INFO">${neutral_3} = xpath=//strong[@id="A_P_J_295248"]//ancestor::li[@class="gl-item high"]</msg>
<status status="PASS" starttime="20210920 20:06:57.406" endtime="20210920 20:06:57.407"></status>
</kw>
<kw name="Verify Web Element Is Visible" library="common_keywords">
<arguments>
<arg>${neutral_3}</arg>
</arguments>
<kw name="Wait Until Page Contains Element" library="SeleniumLibrary">
<doc>Waits until the element ``locator`` appears on the current page.</doc>
<arguments>
<arg>${locator}</arg>
<arg>timeout=${GLOBALTIMEOUT}</arg>
</arguments>
<status status="PASS" starttime="20210920 20:06:57.408" endtime="20210920 20:06:57.529"></status>
</kw>
<kw name="Wait Until Element Is Visible" library="SeleniumLibrary">
<doc>Waits until the element ``locator`` is visible.</doc>
<arguments>
<arg>${locator}</arg>
<arg>timeout=${GLOBALTIMEOUT}</arg>
</arguments>
<status status="PASS" starttime="20210920 20:06:57.529" endtime="20210920 20:06:57.760"></status>
</kw>
<status status="PASS" starttime="20210920 20:06:57.407" endtime="20210920 20:06:57.760"></status>
</kw>
<status status="PASS" starttime="20210920 20:06:57.405" endtime="20210920 20:06:57.760"></status>
</kw>
<status status="PASS" starttime="20210920 20:06:57.405" endtime="20210920 20:06:57.760"></status>
</kw>
<kw name="${item} = 2673031" type="foritem">
<kw name="Verify Search Result Visible" library="search_result_page">
<arguments>
<arg>${item}</arg>
</arguments>
<kw name="Format String" library="String">
<doc>Formats a ``template`` using the given ``positional`` and ``named`` arguments.</doc>
<arguments>
<arg>${dictSearchResultPage.resultList}</arg>
<arg>result=${product_id}</arg>
</arguments>
<assign>
<var>${neutral_3}</var>
</assign>
<msg timestamp="20210920 20:06:57.762" level="INFO">${neutral_3} = xpath=//strong[@id="A_P_J_2673031"]//ancestor::li[@class="gl-item high"]</msg>
<status status="PASS" starttime="20210920 20:06:57.761" endtime="20210920 20:06:57.762"></status>
</kw>
<kw name="Verify Web Element Is Visible" library="common_keywords">
<arguments>
<arg>${neutral_3}</arg>
</arguments>
<kw name="Wait Until Page Contains Element" library="SeleniumLibrary">
<doc>Waits until the element ``locator`` appears on the current page.</doc>
<arguments>
<arg>${locator}</arg>
<arg>timeout=${GLOBALTIMEOUT}</arg>
</arguments>
<status status="PASS" starttime="20210920 20:06:57.762" endtime="20210920 20:06:57.873"></status>
</kw>
<kw name="Wait Until Element Is Visible" library="SeleniumLibrary">
<doc>Waits until the element ``locator`` is visible.</doc>
<arguments>
<arg>${locator}</arg>
<arg>timeout=${GLOBALTIMEOUT}</arg>
</arguments>
<status status="PASS" starttime="20210920 20:06:57.873" endtime="20210920 20:06:58.103"></status>
</kw>
<status status="PASS" starttime="20210920 20:06:57.762" endtime="20210920 20:06:58.103"></status>
</kw>
<status status="PASS" starttime="20210920 20:06:57.760" endtime="20210920 20:06:58.103"></status>
</kw>
<status status="PASS" starttime="20210920 20:06:57.760" endtime="20210920 20:06:58.103"></status>
</kw>
<kw name="${item} = 33761441" type="foritem">
<kw name="Verify Search Result Visible" library="search_result_page">
<arguments>
<arg>${item}</arg>
</arguments>
<kw name="Format String" library="String">
<doc>Formats a ``template`` using the given ``positional`` and ``named`` arguments.</doc>
<arguments>
<arg>${dictSearchResultPage.resultList}</arg>
<arg>result=${product_id}</arg>
</arguments>
<assign>
<var>${neutral_3}</var>
</assign>
<msg timestamp="20210920 20:06:58.106" level="INFO">${neutral_3} = xpath=//strong[@id="A_P_J_33761441"]//ancestor::li[@class="gl-item high"]</msg>
<status status="PASS" starttime="20210920 20:06:58.105" endtime="20210920 20:06:58.106"></status>
</kw>
<kw name="Verify Web Element Is Visible" library="common_keywords">
<arguments>
<arg>${neutral_3}</arg>
</arguments>
<kw name="Wait Until Page Contains Element" library="SeleniumLibrary">
<doc>Waits until the element ``locator`` appears on the current page.</doc>
<arguments>
<arg>${locator}</arg>
<arg>timeout=${GLOBALTIMEOUT}</arg>
</arguments>
<status status="PASS" starttime="20210920 20:06:58.107" endtime="20210920 20:06:58.229"></status>
</kw>
<kw name="Wait Until Element Is Visible" library="SeleniumLibrary">
<doc>Waits until the element ``locator`` is visible.</doc>
<arguments>
<arg>${locator}</arg>
<arg>timeout=${GLOBALTIMEOUT}</arg>
</arguments>
<status status="PASS" starttime="20210920 20:06:58.229" endtime="20210920 20:06:58.458"></status>
</kw>
<status status="PASS" starttime="20210920 20:06:58.106" endtime="20210920 20:06:58.458"></status>
</kw>
<status status="PASS" starttime="20210920 20:06:58.104" endtime="20210920 20:06:58.458"></status>
</kw>
<status status="PASS" starttime="20210920 20:06:58.104" endtime="20210920 20:06:58.458"></status>
</kw>
<kw name="${item} = 2714887" type="foritem">
<kw name="Verify Search Result Visible" library="search_result_page">
<arguments>
<arg>${item}</arg>
</arguments>
<kw name="Format String" library="String">
<doc>Formats a ``template`` using the given ``positional`` and ``named`` arguments.</doc>
<arguments>
<arg>${dictSearchResultPage.resultList}</arg>
<arg>result=${product_id}</arg>
</arguments>
<assign>
<var>${neutral_3}</var>
</assign>
<msg timestamp="20210920 20:06:58.461" level="INFO">${neutral_3} = xpath=//strong[@id="A_P_J_2714887"]//ancestor::li[@class="gl-item high"]</msg>
<status status="PASS" starttime="20210920 20:06:58.460" endtime="20210920 20:06:58.461"></status>
</kw>
<kw name="Verify Web Element Is Visible" library="common_keywords">
<arguments>
<arg>${neutral_3}</arg>
</arguments>
<kw name="Wait Until Page Contains Element" library="SeleniumLibrary">
<doc>Waits until the element ``locator`` appears on the current page.</doc>
<arguments>
<arg>${locator}</arg>
<arg>timeout=${GLOBALTIMEOUT}</arg>
</arguments>
[...]
<doc>Waits until the element ``locator`` is visible.</doc>
<arguments>
<arg>${locator}</arg>
<arg>timeout=${GLOBALTIMEOUT}</arg>
</arguments>
<status status="PASS" starttime="20210920 20:08:54.746" endtime="20210920 20:08:54.961"></status>
</kw>
<status status="PASS" starttime="20210920 20:08:54.635" endtime="20210920 20:08:54.961"></status>
</kw>
<status status="PASS" starttime="20210920 20:08:54.634" endtime="20210920 20:08:54.961"></status>
</kw>
<status status="PASS" starttime="20210920 20:08:54.634" endtime="20210920 20:08:54.961"></status>
</kw>
<kw name="${item} = 7365509" type="foritem">
<kw name="Verify Search Result Visible" library="search_result_page">
<arguments>
<arg>${item}</arg>
</arguments>
<kw name="Format String" library="String">
<doc>Formats a ``template`` using the given ``positional`` and ``named`` arguments.</doc>
<arguments>
<arg>${dictSearchResultPage.resultList}</arg>
<arg>result=${product_id}</arg>
</arguments>
<assign>
<var>${neutral_3}</var>
</assign>
<msg timestamp="20210920 20:08:54.964" level="INFO">${neutral_3} = xpath=//strong[@id="A_P_J_7365509"]//ancestor::li[@class="gl-item high"]</msg>
<status status="PASS" starttime="20210920 20:08:54.963" endtime="20210920 20:08:54.964"></status>
</kw>
<kw name="Verify Web Element Is Visible" library="common_keywords">
<arguments>
<arg>${neutral_3}</arg>
</arguments>
<kw name="Wait Until Page Contains Element" library="SeleniumLibrary">
<doc>Waits until the element ``locator`` appears on the current page.</doc>
<arguments>
<arg>${locator}</arg>
<arg>timeout=${GLOBALTIMEOUT}</arg>
</arguments>
<status status="PASS" starttime="20210920 20:08:54.965" endtime="20210920 20:08:55.084"></status>
</kw>
<kw name="Wait Until Element Is Visible" library="SeleniumLibrary">
<doc>Waits until the element ``locator`` is visible.</doc>
<arguments>
<arg>${locator}</arg>
<arg>timeout=${GLOBALTIMEOUT}</arg>
</arguments>
<status status="PASS" starttime="20210920 20:08:55.084" endtime="20210920 20:08:55.314"></status>
</kw>
<status status="PASS" starttime="20210920 20:08:54.964" endtime="20210920 20:08:55.314"></status>
</kw>
<status status="PASS" starttime="20210920 20:08:54.962" endtime="20210920 20:08:55.314"></status>
</kw>
<status status="PASS" starttime="20210920 20:08:54.962" endtime="20210920 20:08:55.315"></status>
</kw>
<kw name="${item} = 14240136" type="foritem">
<kw name="Verify Search Result Visible" library="search_result_page">
<arguments>
<arg>${item}</arg>
</arguments>
<kw name="Format String" library="String">
<doc>Formats a ``template`` using the given ``positional`` and ``named`` arguments.</doc>
<arguments>
<arg>${dictSearchResultPage.resultList}</arg>
<arg>result=${product_id}</arg>
</arguments>
<assign>
<var>${neutral_3}</var>
</assign>
<msg timestamp="20210920 20:08:55.317" level="INFO">${neutral_3} = xpath=//strong[@id="A_P_J_14240136"]//ancestor::li[@class="gl-item high"]</msg>
<status status="PASS" starttime="20210920 20:08:55.316" endtime="20210920 20:08:55.317"></status>
</kw>
<kw name="Verify Web Element Is Visible" library="common_keywords">
<arguments>
<arg>${neutral_3}</arg>
</arguments>
<kw name="Wait Until Page Contains Element" library="SeleniumLibrary">
<doc>Waits until the element ``locator`` appears on the current page.</doc>
<arguments>
<arg>${locator}</arg>
<arg>timeout=${GLOBALTIMEOUT}</arg>
</arguments>
<status status="PASS" starttime="20210920 20:08:55.318" endtime="20210920 20:08:55.435"></status>
</kw>
<kw name="Wait Until Element Is Visible" library="SeleniumLibrary">
<doc>Waits until the element ``locator`` is visible.</doc>
<arguments>
<arg>${locator}</arg>
<arg>timeout=${GLOBALTIMEOUT}</arg>
</arguments>
<status status="PASS" starttime="20210920 20:08:55.435" endtime="20210920 20:08:55.666"></status>
</kw>
<status status="PASS" starttime="20210920 20:08:55.317" endtime="20210920 20:08:55.666"></status>
</kw>
<status status="PASS" starttime="20210920 20:08:55.315" endtime="20210920 20:08:55.666"></status>
</kw>
<status status="PASS" starttime="20210920 20:08:55.315" endtime="20210920 20:08:55.666"></status>
</kw>
<kw name="${item} = 15672554" type="foritem">
<kw name="Verify Search Result Visible" library="search_result_page">
<arguments>
<arg>${item}</arg>
</arguments>
<kw name="Format String" library="String">
<doc>Formats a ``template`` using the given ``positional`` and ``named`` arguments.</doc>
<arguments>
<arg>${dictSearchResultPage.resultList}</arg>
<arg>result=${product_id}</arg>
</arguments>
<assign>
<var>${neutral_3}</var>
</assign>
<msg timestamp="20210920 20:08:55.669" level="INFO">${neutral_3} = xpath=//strong[@id="A_P_J_15672554"]//ancestor::li[@class="gl-item high"]</msg>
<status status="PASS" starttime="20210920 20:08:55.668" endtime="20210920 20:08:55.669"></status>
</kw>
<kw name="Verify Web Element Is Visible" library="common_keywords">
<arguments>
<arg>${neutral_3}</arg>
</arguments>
<kw name="Wait Until Page Contains Element" library="SeleniumLibrary">
<doc>Waits until the element ``locator`` appears on the current page.</doc>
<arguments>
<arg>${locator}</arg>
<arg>timeout=${GLOBALTIMEOUT}</arg>
</arguments>
<status status="PASS" starttime="20210920 20:08:55.670" endtime="20210920 20:08:55.792"></status>
</kw>
<kw name="Wait Until Element Is Visible" library="SeleniumLibrary">
<doc>Waits until the element ``locator`` is visible.</doc>
<arguments>
<arg>${locator}</arg>
<arg>timeout=${GLOBALTIMEOUT}</arg>
</arguments>
<status status="PASS" starttime="20210920 20:08:55.792" endtime="20210920 20:08:56.018"></status>
</kw>
<status status="PASS" starttime="20210920 20:08:55.669" endtime="20210920 20:08:56.018"></status>
</kw>
<status status="PASS" starttime="20210920 20:08:55.667" endtime="20210920 20:08:56.018"></status>
</kw>
<status status="PASS" starttime="20210920 20:08:55.667" endtime="20210920 20:08:56.018"></status>
</kw>
<kw name="${item} = 44723047" type="foritem">
<kw name="Verify Search Result Visible" library="search_result_page">
<arguments>
<arg>${item}</arg>
</arguments>
<kw name="Format String" library="String">
<doc>Formats a ``template`` using the given ``positional`` and ``named`` arguments.</doc>
<arguments>
<arg>${dictSearchResultPage.resultList}</arg>
<arg>result=${product_id}</arg>
</arguments>
<assign>
<var>${neutral_3}</var>
</assign>
<msg timestamp="20210920 20:08:56.021" level="INFO">${neutral_3} = xpath=//strong[@id="A_P_J_44723047"]//ancestor::li[@class="gl-item high"]</msg>
<status status="PASS" starttime="20210920 20:08:56.020" endtime="20210920 20:08:56.021"></status>
</kw>
<kw name="Verify Web Element Is Visible" library="common_keywords">
<arguments>
<arg>${neutral_3}</arg>
</arguments>
<kw name="Wait Until Page Contains Element" library="SeleniumLibrary">
<doc>Waits until the element ``locator`` appears on the current page.</doc>
<arguments>
<arg>${locator}</arg>
<arg>timeout=${GLOBALTIMEOUT}</arg>
</arguments>
<status status="PASS" starttime="20210920 20:08:56.022" endtime="20210920 20:08:56.143"></status>
</kw>
<kw name="Wait Until Element Is Visible" library="SeleniumLibrary">
<doc>Waits until the element ``locator`` is visible.</doc>
<arguments>
<arg>${locator}</arg>
<arg>timeout=${GLOBALTIMEOUT}</arg>
</arguments>
<status status="PASS" starttime="20210920 20:08:56.143" endtime="20210920 20:08:56.373"></status>
</kw>
<status status="PASS" starttime="20210920 20:08:56.021" endtime="20210920 20:08:56.373"></status>
</kw>
<status status="PASS" starttime="20210920 20:08:56.019" endtime="20210920 20:08:56.373"></status>
</kw>
<status status="PASS" starttime="20210920 20:08:56.019" endtime="20210920 20:08:56.373"></status>
</kw>
<kw name="${item} = 45325794" type="foritem">
<kw name="Verify Search Result Visible" library="search_result_page">
<arguments>
<arg>${item}</arg>
</arguments>
<kw name="Format String" library="String">
<doc>Formats a ``template`` using the given ``positional`` and ``named`` arguments.</doc>
<arguments>
<arg>${dictSearchResultPage.resultList}</arg>
<arg>result=${product_id}</arg>
</arguments>
<assign>
<var>${neutral_3}</var>
</assign>
<msg timestamp="20210920 20:08:56.376" level="INFO">${neutral_3} = xpath=//strong[@id="A_P_J_45325794"]//ancestor::li[@class="gl-item high"]</msg>
<status status="PASS" starttime="20210920 20:08:56.375" endtime="20210920 20:08:56.376"></status>
</kw>
<kw name="Verify Web Element Is Visible" library="common_keywords">
<arguments>
<arg>${neutral_3}</arg>
</arguments>
<kw name="Wait Until Page Contains Element" library="SeleniumLibrary">
<doc>Waits until the element ``locator`` appears on the current page.</doc>
<arguments>
<arg>${locator}</arg>
<arg>timeout=${GLOBALTIMEOUT}</arg>
</arguments>
<status status="PASS" starttime="20210920 20:08:56.377" endtime="20210920 20:08:56.498"></status>
</kw>
<kw name="Wait Until Element Is Visible" library="SeleniumLibrary">
<doc>Waits until the element ``locator`` is visible.</doc>
<arguments>
<arg>${locator}</arg>
<arg>timeout=${GLOBALTIMEOUT}</arg>
</arguments>
<status status="PASS" starttime="20210920 20:08:56.498" endtime="20210920 20:08:56.728"></status>
</kw>
<status status="PASS" starttime="20210920 20:08:56.376" endtime="20210920 20:08:56.728"></status>
</kw>
<status status="PASS" starttime="20210920 20:08:56.374" endtime="20210920 20:08:56.728"></status>
</kw>
<status status="PASS" starttime="20210920 20:08:56.374" endtime="20210920 20:08:56.728"></status>
</kw>
<kw name="${item} = 53547648" type="foritem">
<kw name="Verify Search Result Visible" library="search_result_page">
<arguments>
<arg>${item}</arg>
</arguments>
<kw name="Format String" library="String">
<doc>Formats a ``template`` using the given ``positional`` and ``named`` arguments.</doc>
<arguments>
<arg>${dictSearchResultPage.resultList}</arg>
<arg>result=${product_id}</arg>
</arguments>
<assign>
<var>${neutral_3}</var>
</assign>
<msg timestamp="20210920 20:08:56.729" level="INFO">${neutral_3} = xpath=//strong[@id="A_P_J_53547648"]//ancestor::li[@class="gl-item high"]</msg>
<status status="PASS" starttime="20210920 20:08:56.729" endtime="20210920 20:08:56.729"></status>
</kw>
<kw name="Verify Web Element Is Visible" library="common_keywords">
<arguments>
<arg>${neutral_3}</arg>
</arguments>
<kw name="Wait Until Page Contains Element" library="SeleniumLibrary">
<doc>Waits until the element ``locator`` appears on the current page.</doc>
<arguments>
<arg>${locator}</arg>
<arg>timeout=${GLOBALTIMEOUT}</arg>
</arguments>
<status status="PASS" starttime="20210920 20:08:56.730" endtime="20210920 20:08:56.840"></status>
</kw>
<kw name="Wait Until Element Is Visible" library="SeleniumLibrary">
<doc>Waits until the element ``locator`` is visible.</doc>
<arguments>
<arg>${locator}</arg>
<arg>timeout=${GLOBALTIMEOUT}</arg>
</arguments>
<status status="PASS" starttime="20210920 20:08:56.840" endtime="20210920 20:08:57.066"></status>
</kw>
<status status="PASS" starttime="20210920 20:08:56.729" endtime="20210920 20:08:57.066"></status>
</kw>
<status status="PASS" starttime="20210920 20:08:56.728" endtime="20210920 20:08:57.066"></status>
</kw>
<status status="PASS" starttime="20210920 20:08:56.728" endtime="20210920 20:08:57.066"></status>
</kw>
<kw name="${item} = 8114190" type="foritem">
<kw name="Verify Search Result Visible" library="search_result_page">
<arguments>
<arg>${item}</arg>
</arguments>
<kw name="Format String" library="String">
<doc>Formats a ``template`` using the given ``positional`` and ``named`` arguments.</doc>
<arguments>
<arg>${dictSearchResultPage.resultList}</arg>
<arg>result=${product_id}</arg>
</arguments>
<assign>
<var>${neutral_3}</var>
</assign>
<msg timestamp="20210920 20:08:57.067" level="INFO">${neutral_3} = xpath=//strong[@id="A_P_J_8114190"]//ancestor::li[@class="gl-item high"]</msg>
<status status="PASS" starttime="20210920 20:08:57.067" endtime="20210920 20:08:57.067"></status>
</kw>
<kw name="Verify Web Element Is Visible" library="common_keywords">
<arguments>
<arg>${neutral_3}</arg>
</arguments>
<kw name="Wait Until Page Contains Element" library="SeleniumLibrary">
<doc>Waits until the element ``locator`` appears on the current page.</doc>
<arguments>
<arg>${locator}</arg>
<arg>timeout=${GLOBALTIMEOUT}</arg>
</arguments>
<status status="PASS" starttime="20210920 20:08:57.068" endtime="20210920 20:08:57.178"></status>
</kw>
<kw name="Wait Until Element Is Visible" library="SeleniumLibrary">
<doc>Waits until the element ``locator`` is visible.</doc>
<arguments>
<arg>${locator}</arg>
<arg>timeout=${GLOBALTIMEOUT}</arg>
</arguments>
<status status="PASS" starttime="20210920 20:08:57.178" endtime="20210920 20:08:57.394"></status>
</kw>
<status status="PASS" starttime="20210920 20:08:57.067" endtime="20210920 20:08:57.394"></status>
</kw>
<status status="PASS" starttime="20210920 20:08:57.066" endtime="20210920 20:08:57.394"></status>
</kw>
<status status="PASS" starttime="20210920 20:08:57.066" endtime="20210920 20:08:57.394"></status>
</kw>
<kw name="${item} = 37546693" type="foritem">
<kw name="Verify Search Result Visible" library="search_result_page">
<arguments>
<arg>${item}</arg>
</arguments>
<kw name="Format String" library="String">
<doc>Formats a ``template`` using the given ``positional`` and ``named`` arguments.</doc>
<arguments>
<arg>${dictSearchResultPage.resultList}</arg>
<arg>result=${product_id}</arg>
</arguments>
<assign>
<var>${neutral_3}</var>
</assign>
<msg timestamp="20210920 20:08:57.395" level="INFO">${neutral_3} = xpath=//strong[@id="A_P_J_37546693"]//ancestor::li[@class="gl-item high"]</msg>
<status status="PASS" starttime="20210920 20:08:57.395" endtime="20210920 20:08:57.395"></status>
</kw>
<kw name="Verify Web Element Is Visible" library="common_keywords">
<arguments>
<arg>${neutral_3}</arg>
</arguments>
<kw name="Wait Until Page Contains Element" library="SeleniumLibrary">
<doc>Waits until the element ``locator`` appears on the current page.</doc>
<arguments>
<arg>${locator}</arg>
<arg>timeout=${GLOBALTIMEOUT}</arg>
</arguments>
<status status="PASS" starttime="20210920 20:08:57.396" endtime="20210920 20:08:57.505"></status>
</kw>
<kw name="Wait Until Element Is Visible" library="SeleniumLibrary">
<doc>Waits until the element ``locator`` is visible.</doc>
<arguments>
<arg>${locator}</arg>
<arg>timeout=${GLOBALTIMEOUT}</arg>
</arguments>
<status status="PASS" starttime="20210920 20:08:57.505" endtime="20210920 20:08:57.723"></status>
</kw>
<status status="PASS" starttime="20210920 20:08:57.395" endtime="20210920 20:08:57.723"></status>
</kw>
<status status="PASS" starttime="20210920 20:08:57.394" endtime="20210920 20:08:57.723"></status>
</kw>
<status status="PASS" starttime="20210920 20:08:57.394" endtime="20210920 20:08:57.723"></status>
</kw>
<kw name="${item} = 8767036" type="foritem">
<kw name="Verify Search Result Visible" library="search_result_page">
<arguments>
<arg>${item}</arg>
</arguments>
<kw name="Format String" library="String">
<doc>Formats a ``template`` using the given ``positional`` and ``named`` arguments.</doc>
<arguments>
<arg>${dictSearchResultPage.resultList}</arg>
<arg>result=${product_id}</arg>
</arguments>
<assign>
<var>${neutral_3}</var>
</assign>
<msg timestamp="20210920 20:08:57.725" level="INFO">${neutral_3} = xpath=//strong[@id="A_P_J_8767036"]//ancestor::li[@class="gl-item high"]</msg>
<status status="PASS" starttime="20210920 20:08:57.724" endtime="20210920 20:08:57.725"></status>
</kw>
<kw name="Verify Web Element Is Visible" library="common_keywords">
<arguments>
<arg>${neutral_3}</arg>
</arguments>
<kw name="Wait Until Page Contains Element" library="SeleniumLibrary">
<doc>Waits until the element ``locator`` appears on the current page.</doc>
<arguments>
<arg>${locator}</arg>
<arg>timeout=${GLOBALTIMEOUT}</arg>
</arguments>
<status status="PASS" starttime="20210920 20:08:57.726" endtime="20210920 20:08:57.836"></status>
</kw>
<kw name="Wait Until Element Is Visible" library="SeleniumLibrary">
<doc>Waits until the element ``locator`` is visible.</doc>
<arguments>
<arg>${locator}</arg>
<arg>timeout=${GLOBALTIMEOUT}</arg>
</arguments>
<status status="PASS" starttime="20210920 20:08:57.836" endtime="20210920 20:08:58.053"></status>
</kw>
<status status="PASS" starttime="20210920 20:08:57.725" endtime="20210920 20:08:58.053"></status>
</kw>
<status status="PASS" starttime="20210920 20:08:57.724" endtime="20210920 20:08:58.053"></status>
</kw>
<status status="PASS" starttime="20210920 20:08:57.723" endtime="20210920 20:08:58.053"></status>
</kw>
<kw name="${item} = 37546695" type="foritem">
<kw name="Verify Search Result Visible" library="search_result_page">
<arguments>
<arg>${item}</arg>
</arguments>
<kw name="Format String" library="String">
<doc>Formats a ``template`` using the given ``positional`` and ``named`` arguments.</doc>
<arguments>
<arg>${dictSearchResultPage.resultList}</arg>
<arg>result=${product_id}</arg>
</arguments>
<assign>
<var>${neutral_3}</var>
</assign>
<msg timestamp="20210920 20:08:58.054" level="INFO">${neutral_3} = xpath=//strong[@id="A_P_J_37546695"]//ancestor::li[@class="gl-item high"]</msg>
<status status="PASS" starttime="20210920 20:08:58.054" endtime="20210920 20:08:58.054"></status>
</kw>
<kw name="Verify Web Element Is Visible" library="common_keywords">
<arguments>
<arg>${neutral_3}</arg>
</arguments>
<kw name="Wait Until Page Contains Element" library="SeleniumLibrary">
<doc>Waits until the element ``locator`` appears on the current page.</doc>
<arguments>
<arg>${locator}</arg>
<arg>timeout=${GLOBALTIMEOUT}</arg>
</arguments>
<status status="PASS" starttime="20210920 20:08:58.055" endtime="20210920 20:08:58.165"></status>
</kw>
<kw name="Wait Until Element Is Visible" library="SeleniumLibrary">
<doc>Waits until the element ``locator`` is visible.</doc>
<arguments>
<arg>${locator}</arg>
<arg>timeout=${GLOBALTIMEOUT}</arg>
</arguments>
<status status="PASS" starttime="20210920 20:08:58.165" endtime="20210920 20:08:58.383"></status>
</kw>
<status status="PASS" starttime="20210920 20:08:58.054" endtime="20210920 20:08:58.383"></status>
</kw>
<status status="PASS" starttime="20210920 20:08:58.053" endtime="20210920 20:08:58.383"></status>
</kw>
<status status="PASS" starttime="20210920 20:08:58.053" endtime="20210920 20:08:58.383"></status>
</kw>
<status status="PASS" starttime="20210920 20:08:37.520" endtime="20210920 20:08:58.383"></status>
</kw>
<status status="PASS" starttime="20210920 20:08:31.291" endtime="20210920 20:08:58.383"></status>
</kw>
<kw name="Close Browser" library="SeleniumLibrary" type="teardown">
<doc>Closes the current browser.</doc>
<status status="PASS" starttime="20210920 20:08:58.384" endtime="20210920 20:09:00.529"></status>
</kw>
<status status="PASS" starttime="20210920 20:08:23.677" endtime="20210920 20:09:00.529" critical="yes"></status>
</test>
<kw name="Close All Browsers" library="SeleniumLibrary" type="teardown">
<doc>Closes all open browsers and resets the browser cache.</doc>
<status status="PASS" starttime="20210920 20:09:00.531" endtime="20210920 20:09:00.531"></status>
</kw>
<status status="PASS" starttime="20210920 20:06:40.019" endtime="20210920 20:09:00.531"></status>
</suite>
<statistics>
<total>
<stat pass="4" fail="0">Critical Tests</stat>
<stat pass="4" fail="0">All Tests</stat>
</total>
<tag>
</tag>
<suite>
<stat pass="4" fail="0" id="s1" name="TC01 search product Valid">TC01 search product Valid</stat>
</suite>
</statistics>
<errors>
<msg timestamp="20210920 20:07:12.326" level="WARN">Multiple test cases with name 'TC01: Search Product and Verify Search Result' executed in test suite 'TC01 search product Valid'.</msg>
<msg timestamp="20210920 20:07:50.842" level="WARN">Multiple test cases with name 'TC01: Search Product and Verify Search Result' executed in test suite 'TC01 search product Valid'.</msg>
<msg timestamp="20210920 20:08:23.677" level="WARN">Multiple test cases with name 'TC01: Search Product and Verify Search Result' executed in test suite 'TC01 search product Valid'.</msg>
</errors>
</robot>
